[0.012s] Invoking command in '/home/yamaguchi-a/turtlebot3_ws/src/d1_waypoint_manager/build/d1_waypoint_manager': CMAKE_PREFIX_PATH=${CMAKE_PREFIX_PATH}:/opt/ros/humble /usr/bin/cmake --build /home/yamaguchi-a/turtlebot3_ws/src/d1_waypoint_manager/build/d1_waypoint_manager -- -j8 -l8
[0.054s] [35m[1mConsolidate compiler generated dependencies of target d1_waypoint_manager[0m
[0.078s] [ 33%] [32mBuilding CXX object CMakeFiles/d1_waypoint_manager.dir/src/d1_waypoint_manager.cpp.o[0m
[0.078s] [ 66%] [32mBuilding CXX object CMakeFiles/d1_waypoint_manager.dir/src/d1_waypoint_manager_node.cpp.o[0m
[3.280s] In file included from [01m[K/home/yamaguchi-a/turtlebot3_ws/src/d1_waypoint_manager/src/d1_waypoint_manager.cpp:1[m[K:
[3.280s] [01m[K/home/yamaguchi-a/turtlebot3_ws/src/d1_waypoint_manager/include/d1_waypoint_manager/d1_waypoint_manager.hpp:79:39:[m[K [01;31m[Kerror: [m[K‘[01m[KString[m[K’ is not a member of ‘[01m[Kstd_msgs::msg[m[K’
[3.280s]    79 |   rclcpp::Subscription<std_msgs::msg::[01;31m[KString[m[K>::SharedPtr area_sub_;
[3.280s]       |                                       [01;31m[K^~~~~~[m[K
[3.280s] [01m[K/home/yamaguchi-a/turtlebot3_ws/src/d1_waypoint_manager/include/d1_waypoint_manager/d1_waypoint_manager.hpp:79:45:[m[K [01;31m[Kerror: [m[Ktemplate argument 1 is invalid
[3.280s]    79 | lcpp::Subscription<std_msgs::msg::String[01;31m[K>[m[K::SharedPtr area_sub_;
[3.280s]       |                                         [01;31m[K^[m[K
[3.280s] 
[3.281s] [01m[K/home/yamaguchi-a/turtlebot3_ws/src/d1_waypoint_manager/include/d1_waypoint_manager/d1_waypoint_manager.hpp:79:45:[m[K [01;31m[Kerror: [m[Ktemplate argument 3 is invalid
[3.281s] [01m[K/home/yamaguchi-a/turtlebot3_ws/src/d1_waypoint_manager/include/d1_waypoint_manager/d1_waypoint_manager.hpp:79:45:[m[K [01;31m[Kerror: [m[Ktemplate argument 4 is invalid
[3.281s] [01m[K/home/yamaguchi-a/turtlebot3_ws/src/d1_waypoint_manager/include/d1_waypoint_manager/d1_waypoint_manager.hpp:79:45:[m[K [01;31m[Kerror: [m[Ktemplate argument 5 is invalid
[3.281s] [01m[K/home/yamaguchi-a/turtlebot3_ws/src/d1_waypoint_manager/include/d1_waypoint_manager/d1_waypoint_manager.hpp:79:48:[m[K [01;31m[Kerror: [m[Kexpected ‘[01m[K;[m[K’ at end of member declaration
[3.281s]    79 | p::Subscription<std_msgs::msg::String>::[01;31m[KSharedPtr[m[K area_sub_;
[3.281s]       |                                         [01;31m[K^~~~~~~~~[m[K
[3.281s]       |                                                  [32m[K;[m[K
[3.283s] [01m[K/home/yamaguchi-a/turtlebot3_ws/src/d1_waypoint_manager/include/d1_waypoint_manager/d1_waypoint_manager.hpp:79:58:[m[K [01;31m[Kerror: [m[K‘[01m[Karea_sub_[m[K’ does not name a type
[3.283s]    79 | iption<std_msgs::msg::String>::SharedPtr [01;31m[Karea_sub_[m[K;
[3.283s]       |                                          [01;31m[K^~~~~~~~~[m[K
[3.283s] 
[3.287s] In file included from [01m[K/home/yamaguchi-a/turtlebot3_ws/src/d1_waypoint_manager/src/d1_waypoint_manager_node.cpp:1[m[K:
[3.287s] [01m[K/home/yamaguchi-a/turtlebot3_ws/src/d1_waypoint_manager/include/d1_waypoint_manager/d1_waypoint_manager.hpp:79:39:[m[K [01;31m[Kerror: [m[K‘[01m[KString[m[K’ is not a member of ‘[01m[Kstd_msgs::msg[m[K’
[3.288s]    79 |   rclcpp::Subscription<std_msgs::msg::[01;31m[KString[m[K>::SharedPtr area_sub_;
[3.288s]       |                                       [01;31m[K^~~~~~[m[K
[3.288s] [01m[K/home/yamaguchi-a/turtlebot3_ws/src/d1_waypoint_manager/include/d1_waypoint_manager/d1_waypoint_manager.hpp:79:45:[m[K [01;31m[Kerror: [m[Ktemplate argument 1 is invalid
[3.288s]    79 |   rclcpp::Subscription<std_msgs::msg::String[01;31m[K>[m[K::SharedPtr area_sub_;
[3.288s]       |                                             [01;31m[K^[m[K
[3.288s] [01m[K/home/yamaguchi-a/turtlebot3_ws/src/d1_waypoint_manager/include/d1_waypoint_manager/d1_waypoint_manager.hpp:79:45:[m[K [01;31m[Kerror: [m[Ktemplate argument 3 is invalid
[3.288s] [01m[K/home/yamaguchi-a/turtlebot3_ws/src/d1_waypoint_manager/include/d1_waypoint_manager/d1_waypoint_manager.hpp:79:45:[m[K [01;31m[Kerror: [m[Ktemplate argument 4 is invalid
[3.288s] [01m[K/home/yamaguchi-a/turtlebot3_ws/src/d1_waypoint_manager/include/d1_waypoint_manager/d1_waypoint_manager.hpp:79:45:[m[K [01;31m[Kerror: [m[Ktemplate argument 5 is invalid
[3.288s] [01m[K/home/yamaguchi-a/turtlebot3_ws/src/d1_waypoint_manager/include/d1_waypoint_manager/d1_waypoint_manager.hpp:79:48:[m[K [01;31m[Kerror: [m[Kexpected ‘[01m[K;[m[K’ at end of member declaration
[3.288s]    79 |   rclcpp::Subscription<std_msgs::msg::String>::[01;31m[KSharedPtr[m[K area_sub_;
[3.288s]       |                                                [01;31m[K^~~~~~~~~[m[K
[3.288s]       |                                                         [32m[K;[m[K
[3.290s] [01m[K/home/yamaguchi-a/turtlebot3_ws/src/d1_waypoint_manager/include/d1_waypoint_manager/d1_waypoint_manager.hpp:79:58:[m[K [01;31m[Kerror: [m[K‘[01m[Karea_sub_[m[K’ does not name a type
[3.290s]    79 |   rclcpp::Subscription<std_msgs::msg::String>::SharedPtr [01;31m[Karea_sub_[m[K;
[3.290s]       |                                                          [01;31m[K^~~~~~~~~[m[K
[3.348s] [01m[K/home/yamaguchi-a/turtlebot3_ws/src/d1_waypoint_manager/src/d1_waypoint_manager.cpp:[m[K In constructor ‘[01m[KD1WaypointPublisher::D1WaypointPublisher()[m[K’:
[3.348s] [01m[K/home/yamaguchi-a/turtlebot3_ws/src/d1_waypoint_manager/src/d1_waypoint_manager.cpp:14:3:[m[K [01;31m[Kerror: [m[K‘[01m[Karea_sub_[m[K’ was not declared in this scope
[3.348s]    14 |   [01;31m[Karea_sub_[m[K = create_subscription<std_msgs::msg::String>("area", 10, std::bind(&D1WaypointPublisher::AreaCallback, this, std::placeholders::_1));
[3.348s]       |   [01;31m[K^~~~~~~~~[m[K
[3.349s] [01m[K/home/yamaguchi-a/turtlebot3_ws/src/d1_waypoint_manager/src/d1_waypoint_manager.cpp:14:50:[m[K [01;31m[Kerror: [m[K‘[01m[KString[m[K’ is not a member of ‘[01m[Kstd_msgs::msg[m[K’
[3.349s]    14 | b_ = create_subscription<std_msgs::msg::[01;31m[KString[m[K>("area", 10, std::bind(&D1WaypointPublisher::AreaCallback, this, std::placeholders::_1));
[3.349s]       |                                         [01;31m[K^~~~~~[m[K
[3.349s] 
[3.349s] [01m[K/home/yamaguchi-a/turtlebot3_ws/src/d1_waypoint_manager/src/d1_waypoint_manager.cpp:14:102:[m[K [01;31m[Kerror: [m[K‘[01m[KAreaCallback[m[K’ is not a member of ‘[01m[KD1WaypointPublisher[m[K’
[3.349s]    14 | a", 10, std::bind(&D1WaypointPublisher::[01;31m[KAreaCallback[m[K, this, std::placeholders::_1));
[3.349s]       |                                         [01;31m[K^~~~~~~~~~~~[m[K
[3.350s] 
[3.383s] [01m[K/home/yamaguchi-a/turtlebot3_ws/src/d1_waypoint_manager/src/d1_waypoint_manager.cpp:45:3:[m[K [01;31m[Kerror: [m[K‘[01m[Kwaypoints_file_5_[m[K’ was not declared in this scope; did you mean ‘[01m[Kwaypoints_file_1_[m[K’?
[3.383s]    45 |   [01;31m[Kwaypoints_file_5_[m[K = "/home/yamaguchi-a/turtlebot3_ws/src/d1_waypoint_manager/csv/waypoints_b.csv";//自分でつけた
[3.383s]       |   [01;31m[K^~~~~~~~~~~~~~~~~[m[K
[3.383s]       |   [32m[Kwaypoints_file_1_[m[K
[3.390s] [01m[K/home/yamaguchi-a/turtlebot3_ws/src/d1_waypoint_manager/src/d1_waypoint_manager.cpp:46:3:[m[K [01;31m[Kerror: [m[K‘[01m[Kwaypoints_file_6_[m[K’ was not declared in this scope; did you mean ‘[01m[Kwaypoints_file_1_[m[K’?
[3.390s]    46 |   [01;31m[Kwaypoints_file_6_[m[K = "/home/yamaguchi-a/turtlebot3_ws/src/d1_waypoint_manager/csv/waypoints_c.csv";//自分でつけた
[3.390s]       |   [01;31m[K^~~~~~~~~~~~~~~~~[m[K
[3.390s]       |   [32m[Kwaypoints_file_1_[m[K
[3.390s] [01m[K/home/yamaguchi-a/turtlebot3_ws/src/d1_waypoint_manager/src/d1_waypoint_manager.cpp:49:129:[m[K [01;31m[Kerror: [m[Kno match for ‘[01m[Koperator=[m[K’ (operand types are ‘[01m[Kstd::vector<std::__cxx11::basic_string<char> >[m[K’ and ‘[01m[K<brace-enclosed initializer list>[m[K’)
[3.390s]    49 | _, waypoints_file_5_, waypoints_file_6_,[01;31m[K}[m[K;//自分で追加
[3.390s]       |                                         [01;31m[K^[m[K
[3.390s] 
[3.391s] In file included from [01m[K/usr/include/c++/11/vector:72[m[K,
[3.391s]                  from [01m[K/home/yamaguchi-a/turtlebot3_ws/src/d1_waypoint_manager/include/d1_waypoint_manager/d1_waypoint_manager.hpp:10[m[K,
[3.391s]                  from [01m[K/home/yamaguchi-a/turtlebot3_ws/src/d1_waypoint_manager/src/d1_waypoint_manager.cpp:1[m[K:
[3.391s] [01m[K/usr/include/c++/11/bits/vector.tcc:198:5:[m[K [01;36m[Knote: [m[Kcandidate: ‘[01m[Kstd::vector<_Tp, _Alloc>& std::vector<_Tp, _Alloc>::operator=(const std::vector<_Tp, _Alloc>&) [with _Tp = std::__cxx11::basic_string<char>; _Alloc = std::allocator<std::__cxx11::basic_string<char> >][m[K’
[3.391s]   198 |     [01;36m[Kvector<_Tp, _Alloc>[m[K::
[3.391s]       |     [01;36m[K^~~~~~~~~~~~~~~~~~~[m[K
[3.391s] [01m[K/usr/include/c++/11/bits/vector.tcc:199:42:[m[K [01;36m[Knote: [m[K  no known conversion for argument 1 from ‘[01m[K<brace-enclosed initializer list>[m[K’ to ‘[01m[Kconst std::vector<std::__cxx11::basic_string<char> >&[m[K’
[3.391s]   199 |     operator=([01;36m[Kconst vector<_Tp, _Alloc>& __x[m[K)
[3.391s]       |               [01;36m[K~~~~~~~~~~~~~~~~~~~~~~~~~~~^~~[m[K
[3.391s] In file included from [01m[K/usr/include/c++/11/vector:67[m[K,
[3.391s]                  from [01m[K/home/yamaguchi-a/turtlebot3_ws/src/d1_waypoint_manager/include/d1_waypoint_manager/d1_waypoint_manager.hpp:10[m[K,
[3.391s]                  from [01m[K/home/yamaguchi-a/turtlebot3_ws/src/d1_waypoint_manager/src/d1_waypoint_manager.cpp:1[m[K:
[3.391s] [01m[K/usr/include/c++/11/bits/stl_vector.h:709:7:[m[K [01;36m[Knote: [m[Kcandidate: ‘[01m[Kstd::vector<_Tp, _Alloc>& std::vector<_Tp, _Alloc>::operator=(std::vector<_Tp, _Alloc>&&) [with _Tp = std::__cxx11::basic_string<char>; _Alloc = std::allocator<std::__cxx11::basic_string<char> >][m[K’
[3.391s]   709 |       [01;36m[Koperator[m[K=(vector&& __x) noexcept(_Alloc_traits::_S_nothrow_move())
[3.391s]       |       [01;36m[K^~~~~~~~[m[K
[3.392s] [01m[K/usr/include/c++/11/bits/stl_vector.h:709:26:[m[K [01;36m[Knote: [m[K  no known conversion for argument 1 from ‘[01m[K<brace-enclosed initializer list>[m[K’ to ‘[01m[Kstd::vector<std::__cxx11::basic_string<char> >&&[m[K’
[3.392s]   709 |       operator=([01;36m[Kvector&& __x[m[K) noexcept(_Alloc_traits::_S_nothrow_move())
[3.392s]       |                 [01;36m[K~~~~~~~~~^~~[m[K
[3.392s] [01m[K/usr/include/c++/11/bits/stl_vector.h:730:7:[m[K [01;36m[Knote: [m[Kcandidate: ‘[01m[Kstd::vector<_Tp, _Alloc>& std::vector<_Tp, _Alloc>::operator=(std::initializer_list<_Tp>) [with _Tp = std::__cxx11::basic_string<char>; _Alloc = std::allocator<std::__cxx11::basic_string<char> >][m[K’
[3.392s]   730 |       [01;36m[Koperator[m[K=(initializer_list<value_type> __l)
[3.392s]       |       [01;36m[K^~~~~~~~[m[K
[3.392s] [01m[K/usr/include/c++/11/bits/stl_vector.h:730:46:[m[K [01;36m[Knote: [m[K  no known conversion for argument 1 from ‘[01m[K<brace-enclosed initializer list>[m[K’ to ‘[01m[Kstd::initializer_list<std::__cxx11::basic_string<char> >[m[K’
[3.392s]   730 |       operator=([01;36m[Kinitializer_list<value_type> __l[m[K)
[3.392s]       |                 [01;36m[K~~~~~~~~~~~~~~~~~~~~~~~~~~~~~^~~[m[K
[3.404s] [01m[K/home/yamaguchi-a/turtlebot3_ws/src/d1_waypoint_manager/src/d1_waypoint_manager.cpp:54:3:[m[K [01;31m[Kerror: [m[K‘[01m[Kapproach_area_flag[m[K’ was not declared in this scope
[3.404s]    54 |   [01;31m[Kapproach_area_flag[m[K = 0;
[3.405s]       |   [01;31m[K^~~~~~~~~~~~~~~~~~[m[K
[3.433s] [01m[K/home/yamaguchi-a/turtlebot3_ws/src/d1_waypoint_manager/src/d1_waypoint_manager.cpp:[m[K In member function ‘[01m[Kvoid D1WaypointPublisher::SendWaypointsTimerCallback()[m[K’:
[3.433s] [01m[K/home/yamaguchi-a/turtlebot3_ws/src/d1_waypoint_manager/src/d1_waypoint_manager.cpp:148:39:[m[K [01;31m[Kerror: [m[K‘[01m[Kfind_character_[m[K’ was not declared in this scope
[3.433s]   148 |     std::cout << "find_character_" << [01;31m[Kfind_character_[m[K << std::endl;
[3.433s]       |                                       [01;31m[K^~~~~~~~~~~~~~~[m[K
[3.445s] [01m[K/home/yamaguchi-a/turtlebot3_ws/src/d1_waypoint_manager/src/d1_waypoint_manager.cpp:223:17:[m[K [01;31m[Kerror: [m[K‘[01m[KAPPROACH_AREA[m[K’ was not declared in this scope
[3.445s]   223 |         state = [01;31m[KAPPROACH_AREA[m[K;
[3.445s]       |                 [01;31m[K^~~~~~~~~~~~~[m[K
[3.456s] [01m[K/home/yamaguchi-a/turtlebot3_ws/src/d1_waypoint_manager/src/d1_waypoint_manager.cpp:228:8:[m[K [01;31m[Kerror: [m[K‘[01m[KAPPROACH_AREA[m[K’ was not declared in this scope
[3.456s]   228 |   case [01;31m[KAPPROACH_AREA[m[K:
[3.456s]       |        [01;31m[K^~~~~~~~~~~~~[m[K
[3.471s] [01m[K/home/yamaguchi-a/turtlebot3_ws/src/d1_waypoint_manager/src/d1_waypoint_manager.cpp:232:9:[m[K [01;31m[Kerror: [m[K‘[01m[Kapproach_area_flag[m[K’ was not declared in this scope
[3.471s]   232 |     if ([01;31m[Kapproach_area_flag[m[K == 0 ){
[3.471s]       |         [01;31m[K^~~~~~~~~~~~~~~~~~[m[K
[3.483s] [01m[K/home/yamaguchi-a/turtlebot3_ws/src/d1_waypoint_manager/src/d1_waypoint_manager.cpp:233:10:[m[K [01;31m[Kerror: [m[K‘[01m[Karea_character_[m[K’ was not declared in this scope
[3.483s]   233 |       if([01;31m[Karea_character_[m[K.data == "a"){
[3.483s]       |          [01;31m[K^~~~~~~~~~~~~~~[m[K
[3.495s] [01m[K/home/yamaguchi-a/turtlebot3_ws/src/d1_waypoint_manager/src/d1_waypoint_manager.cpp:236:10:[m[K [01;31m[Kerror: [m[K‘[01m[Karea_character_[m[K’ was not declared in this scope
[3.495s]   236 |       if([01;31m[Karea_character_[m[K.data == "b"){
[3.495s]       |          [01;31m[K^~~~~~~~~~~~~~~[m[K
[3.507s] [01m[K/home/yamaguchi-a/turtlebot3_ws/src/d1_waypoint_manager/src/d1_waypoint_manager.cpp:240:10:[m[K [01;31m[Kerror: [m[K‘[01m[Karea_character_[m[K’ was not declared in this scope
[3.507s]   240 |       if([01;31m[Karea_character_[m[K.data == "c"){
[3.507s]       |          [01;31m[K^~~~~~~~~~~~~~~[m[K
[3.521s] [01m[K/home/yamaguchi-a/turtlebot3_ws/src/d1_waypoint_manager/src/d1_waypoint_manager.cpp:246:5:[m[K [01;31m[Kerror: [m[K‘[01m[Kapproach_area_flag[m[K’ was not declared in this scope
[3.521s]   246 |     [01;31m[Kapproach_area_flag[m[K = 1;
[3.521s]       |     [01;31m[K^~~~~~~~~~~~~~~~~~[m[K
[3.536s] [01m[K/home/yamaguchi-a/turtlebot3_ws/src/d1_waypoint_manager/src/d1_waypoint_manager.cpp:[m[K At global scope:
[3.536s] [01m[K/home/yamaguchi-a/turtlebot3_ws/src/d1_waypoint_manager/src/d1_waypoint_manager.cpp:423:61:[m[K [01;31m[Kerror: [m[K‘[01m[KString[m[K’ in namespace ‘[01m[Kstd_msgs::msg[m[K’ does not name a type
[3.536s]   423 | sher::AreaCallback(const std_msgs::msg::[01;31m[KString[m[K::SharedPtr msg){
[3.536s]       |                                         [01;31m[K^~~~~~[m[K
[3.537s] 
[3.537s] [01m[K/home/yamaguchi-a/turtlebot3_ws/src/d1_waypoint_manager/src/d1_waypoint_manager.cpp:423:79:[m[K [01;31m[Kerror: [m[Kexpected unqualified-id before ‘[01m[Kmsg[m[K’
[3.537s]   423 | llback(const std_msgs::msg::String::SharedPtr [01;31m[Kmsg[m[K){
[3.537s]       |                                               [01;31m[K^~~[m[K
[3.537s] 
[3.537s] [01m[K/home/yamaguchi-a/turtlebot3_ws/src/d1_waypoint_manager/src/d1_waypoint_manager.cpp:423:78:[m[K [01;31m[Kerror: [m[Kexpected ‘[01m[K)[m[K’ before ‘[01m[Kmsg[m[K’
[3.537s]   423 | llback[34m[K([m[Kconst std_msgs::msg::String::SharedPtr[01;31m[K [m[K[32m[Kmsg[m[K){
[3.537s]       |       [34m[K~[m[K                                      [01;31m[K^[m[K[32m[K~~~[m[K
[3.537s]       |                                              [32m[K)[m[K
[3.537s] [01m[K/home/yamaguchi-a/turtlebot3_ws/src/d1_waypoint_manager/src/d1_waypoint_manager.cpp:423:79:[m[K [01;31m[Kerror: [m[Kexpected initializer before ‘[01m[Kmsg[m[K’
[3.537s]   423 | llback(const std_msgs::msg::String::SharedPtr [01;31m[Kmsg[m[K){
[3.537s]       |                                               [01;31m[K^~~[m[K
[3.537s] 
[3.911s] gmake[2]: *** [CMakeFiles/d1_waypoint_manager.dir/build.make:90: CMakeFiles/d1_waypoint_manager.dir/src/d1_waypoint_manager_node.cpp.o] エラー 1
[3.911s] gmake[2]: *** 未完了のジョブを待っています....
[8.098s] gmake[2]: *** [CMakeFiles/d1_waypoint_manager.dir/build.make:76: CMakeFiles/d1_waypoint_manager.dir/src/d1_waypoint_manager.cpp.o] エラー 1
[8.099s] gmake[1]: *** [CMakeFiles/Makefile2:137: CMakeFiles/d1_waypoint_manager.dir/all] エラー 2
[8.099s] gmake: *** [Makefile:146: all] エラー 2
[8.101s] Invoked command in '/home/yamaguchi-a/turtlebot3_ws/src/d1_waypoint_manager/build/d1_waypoint_manager' returned '2': CMAKE_PREFIX_PATH=${CMAKE_PREFIX_PATH}:/opt/ros/humble /usr/bin/cmake --build /home/yamaguchi-a/turtlebot3_ws/src/d1_waypoint_manager/build/d1_waypoint_manager -- -j8 -l8
