[0.121s] DEBUG:colcon:Command line arguments: ['/usr/bin/colcon', 'build']
[0.121s] DEBUG:colcon:Parsed command line arguments: Namespace(log_base=None, log_level=None, verb_name='build', build_base='build', install_base='install', merge_install=False, symlink_install=False, test_result_base=None, continue_on_error=False, executor='parallel', parallel_workers=8, event_handlers=None, ignore_user_meta=False, metas=['./colcon.meta'], base_paths=['.'], packages_ignore=None, packages_ignore_regex=None, paths=None, packages_up_to=None, packages_up_to_regex=None, packages_above=None, packages_above_and_dependencies=None, packages_above_depth=None, packages_select_by_dep=None, packages_skip_by_dep=None, packages_skip_up_to=None, packages_select_build_failed=False, packages_skip_build_finished=False, packages_select_test_failures=False, packages_skip_test_passed=False, packages_select=None, packages_skip=None, packages_select_regex=None, packages_skip_regex=None, packages_start=None, packages_end=None, allow_overriding=[], cmake_args=None, cmake_target=None, cmake_target_skip_unavailable=False, cmake_clean_cache=False, cmake_clean_first=False, cmake_force_configure=False, ament_cmake_args=None, catkin_cmake_args=None, catkin_skip_building_tests=False, mixin_files=None, mixin=None, verb_parser=<colcon_mixin.mixin.mixin_argument.MixinArgumentDecorator object at 0x78c826947400>, verb_extension=<colcon_core.verb.build.BuildVerb object at 0x78c826946e90>, main=<bound method BuildVerb.main of <colcon_core.verb.build.BuildVerb object at 0x78c826946e90>>, mixin_verb=('build',))
[0.309s] Level 1:colcon.colcon_core.package_discovery:discover_packages(colcon_meta) check parameters
[0.309s] Level 1:colcon.colcon_core.package_discovery:discover_packages(recursive) check parameters
[0.309s] Level 1:colcon.colcon_core.package_discovery:discover_packages(ignore) check parameters
[0.309s] Level 1:colcon.colcon_core.package_discovery:discover_packages(path) check parameters
[0.309s] Level 1:colcon.colcon_core.package_discovery:discover_packages(colcon_meta) discover
[0.309s] Level 1:colcon.colcon_core.package_discovery:discover_packages(recursive) discover
[0.309s] INFO:colcon.colcon_core.package_discovery:Crawling recursively for packages in '/home/yamaguchi-a/turtlebot3_ws/src/d1_waypoint_manager'
[0.309s] Level 1:colcon.colcon_core.package_identification:_identify(.) by extensions ['ignore', 'ignore_ament_install']
[0.309s] Level 1:colcon.colcon_core.package_identification:_identify(.) by extension 'ignore'
[0.309s] Level 1:colcon.colcon_core.package_identification:_identify(.) by extension 'ignore_ament_install'
[0.310s] Level 1:colcon.colcon_core.package_identification:_identify(.) by extensions ['colcon_pkg']
[0.310s] Level 1:colcon.colcon_core.package_identification:_identify(.) by extension 'colcon_pkg'
[0.310s] Level 1:colcon.colcon_core.package_identification:_identify(.) by extensions ['colcon_meta']
[0.310s] Level 1:colcon.colcon_core.package_identification:_identify(.) by extension 'colcon_meta'
[0.310s] Level 1:colcon.colcon_core.package_identification:_identify(.) by extensions ['ros']
[0.310s] Level 1:colcon.colcon_core.package_identification:_identify(.) by extension 'ros'
[0.325s] DEBUG:colcon.colcon_core.package_identification:Package '.' with type 'ros.ament_cmake' and name 'd1_waypoint_manager'
[0.325s] Level 1:colcon.colcon_core.package_discovery:discover_packages(recursive) using defaults
[0.325s] Level 1:colcon.colcon_core.package_discovery:discover_packages(ignore) discover
[0.326s] Level 1:colcon.colcon_core.package_discovery:discover_packages(ignore) using defaults
[0.326s] Level 1:colcon.colcon_core.package_discovery:discover_packages(path) discover
[0.326s] Level 1:colcon.colcon_core.package_discovery:discover_packages(path) using defaults
[0.347s] Level 1:colcon.colcon_core.package_discovery:discover_packages(prefix_path) check parameters
[0.347s] Level 1:colcon.colcon_core.package_discovery:discover_packages(prefix_path) discover
[0.349s] DEBUG:colcon.colcon_installed_package_information.package_discovery:Found 5 installed packages in /home/yamaguchi-a/turtlebot3_ws/install
[0.361s] DEBUG:colcon.colcon_installed_package_information.package_discovery:Found 5 installed packages in /home/yamaguchi-a/ros2_ws/install
[0.362s] DEBUG:colcon.colcon_installed_package_information.package_discovery:Found 389 installed packages in /opt/ros/humble
[0.365s] Level 1:colcon.colcon_core.package_discovery:discover_packages(prefix_path) using defaults
[0.420s] Level 5:colcon.colcon_core.verb:set package 'd1_waypoint_manager' build argument 'cmake_args' from command line to 'None'
[0.420s] Level 5:colcon.colcon_core.verb:set package 'd1_waypoint_manager' build argument 'cmake_target' from command line to 'None'
[0.420s] Level 5:colcon.colcon_core.verb:set package 'd1_waypoint_manager' build argument 'cmake_target_skip_unavailable' from command line to 'False'
[0.420s] Level 5:colcon.colcon_core.verb:set package 'd1_waypoint_manager' build argument 'cmake_clean_cache' from command line to 'False'
[0.420s] Level 5:colcon.colcon_core.verb:set package 'd1_waypoint_manager' build argument 'cmake_clean_first' from command line to 'False'
[0.420s] Level 5:colcon.colcon_core.verb:set package 'd1_waypoint_manager' build argument 'cmake_force_configure' from command line to 'False'
[0.420s] Level 5:colcon.colcon_core.verb:set package 'd1_waypoint_manager' build argument 'ament_cmake_args' from command line to 'None'
[0.420s] Level 5:colcon.colcon_core.verb:set package 'd1_waypoint_manager' build argument 'catkin_cmake_args' from command line to 'None'
[0.420s] Level 5:colcon.colcon_core.verb:set package 'd1_waypoint_manager' build argument 'catkin_skip_building_tests' from command line to 'False'
[0.421s] DEBUG:colcon.colcon_core.verb:Building package 'd1_waypoint_manager' with the following arguments: {'ament_cmake_args': None, 'build_base': '/home/yamaguchi-a/turtlebot3_ws/src/d1_waypoint_manager/build/d1_waypoint_manager', 'catkin_cmake_args': None, 'catkin_skip_building_tests': False, 'cmake_args': None, 'cmake_clean_cache': False, 'cmake_clean_first': False, 'cmake_force_configure': False, 'cmake_target': None, 'cmake_target_skip_unavailable': False, 'install_base': '/home/yamaguchi-a/turtlebot3_ws/src/d1_waypoint_manager/install/d1_waypoint_manager', 'merge_install': False, 'path': '/home/yamaguchi-a/turtlebot3_ws/src/d1_waypoint_manager', 'symlink_install': False, 'test_result_base': None}
[0.421s] INFO:colcon.colcon_core.executor:Executing jobs using 'parallel' executor
[0.422s] DEBUG:colcon.colcon_parallel_executor.executor.parallel:run_until_complete
[0.422s] INFO:colcon.colcon_ros.task.ament_cmake.build:Building ROS package in '/home/yamaguchi-a/turtlebot3_ws/src/d1_waypoint_manager' with build type 'ament_cmake'
[0.422s] INFO:colcon.colcon_cmake.task.cmake.build:Building CMake package in '/home/yamaguchi-a/turtlebot3_ws/src/d1_waypoint_manager'
[0.424s] INFO:colcon.colcon_core.plugin_system:Skipping extension 'colcon_core.shell.bat': Not used on non-Windows systems
[0.424s] INFO:colcon.colcon_core.shell:Skip shell extension 'powershell' for command environment: Not usable outside of PowerShell
[0.424s] DEBUG:colcon.colcon_core.shell:Skip shell extension 'dsv' for command environment
[0.435s] DEBUG:colcon.colcon_core.event_handler.log_command:Invoking command in '/home/yamaguchi-a/turtlebot3_ws/src/d1_waypoint_manager/build/d1_waypoint_manager': CMAKE_PREFIX_PATH=${CMAKE_PREFIX_PATH}:/opt/ros/humble /usr/bin/cmake --build /home/yamaguchi-a/turtlebot3_ws/src/d1_waypoint_manager/build/d1_waypoint_manager -- -j8 -l8
[14.637s] DEBUG:colcon.colcon_core.event_handler.log_command:Invoked command in '/home/yamaguchi-a/turtlebot3_ws/src/d1_waypoint_manager/build/d1_waypoint_manager' returned '2': CMAKE_PREFIX_PATH=${CMAKE_PREFIX_PATH}:/opt/ros/humble /usr/bin/cmake --build /home/yamaguchi-a/turtlebot3_ws/src/d1_waypoint_manager/build/d1_waypoint_manager -- -j8 -l8
[14.669s] Level 1:colcon.colcon_core.environment:create_environment_scripts_only(d1_waypoint_manager)
[14.673s] Level 1:colcon.colcon_core.environment:checking '/home/yamaguchi-a/turtlebot3_ws/src/d1_waypoint_manager/install/d1_waypoint_manager' for CMake module files
[14.673s] Level 1:colcon.colcon_core.environment:checking '/home/yamaguchi-a/turtlebot3_ws/src/d1_waypoint_manager/install/d1_waypoint_manager' for CMake config files
[14.674s] Level 1:colcon.colcon_core.shell:create_environment_hook('d1_waypoint_manager', 'cmake_prefix_path')
[14.674s] INFO:colcon.colcon_core.shell:Creating environment hook '/home/yamaguchi-a/turtlebot3_ws/src/d1_waypoint_manager/install/d1_waypoint_manager/share/d1_waypoint_manager/hook/cmake_prefix_path.ps1'
[14.675s] INFO:colcon.colcon_core.shell:Creating environment descriptor '/home/yamaguchi-a/turtlebot3_ws/src/d1_waypoint_manager/install/d1_waypoint_manager/share/d1_waypoint_manager/hook/cmake_prefix_path.dsv'
[14.675s] INFO:colcon.colcon_core.shell:Creating environment hook '/home/yamaguchi-a/turtlebot3_ws/src/d1_waypoint_manager/install/d1_waypoint_manager/share/d1_waypoint_manager/hook/cmake_prefix_path.sh'
[14.676s] Level 1:colcon.colcon_core.environment:checking '/home/yamaguchi-a/turtlebot3_ws/src/d1_waypoint_manager/install/d1_waypoint_manager/lib'
[14.676s] Level 1:colcon.colcon_core.environment:checking '/home/yamaguchi-a/turtlebot3_ws/src/d1_waypoint_manager/install/d1_waypoint_manager/bin'
[14.676s] Level 1:colcon.colcon_core.environment:checking '/home/yamaguchi-a/turtlebot3_ws/src/d1_waypoint_manager/install/d1_waypoint_manager/lib/pkgconfig/d1_waypoint_manager.pc'
[14.677s] Level 1:colcon.colcon_core.environment:checking '/home/yamaguchi-a/turtlebot3_ws/src/d1_waypoint_manager/install/d1_waypoint_manager/lib/python3.10/site-packages'
[14.677s] Level 1:colcon.colcon_core.environment:checking '/home/yamaguchi-a/turtlebot3_ws/src/d1_waypoint_manager/install/d1_waypoint_manager/bin'
[14.677s] INFO:colcon.colcon_core.shell:Creating package script '/home/yamaguchi-a/turtlebot3_ws/src/d1_waypoint_manager/install/d1_waypoint_manager/share/d1_waypoint_manager/package.ps1'
[14.678s] INFO:colcon.colcon_core.shell:Creating package descriptor '/home/yamaguchi-a/turtlebot3_ws/src/d1_waypoint_manager/install/d1_waypoint_manager/share/d1_waypoint_manager/package.dsv'
[14.679s] INFO:colcon.colcon_core.shell:Creating package script '/home/yamaguchi-a/turtlebot3_ws/src/d1_waypoint_manager/install/d1_waypoint_manager/share/d1_waypoint_manager/package.sh'
[14.680s] INFO:colcon.colcon_core.shell:Creating package script '/home/yamaguchi-a/turtlebot3_ws/src/d1_waypoint_manager/install/d1_waypoint_manager/share/d1_waypoint_manager/package.bash'
[14.681s] INFO:colcon.colcon_core.shell:Creating package script '/home/yamaguchi-a/turtlebot3_ws/src/d1_waypoint_manager/install/d1_waypoint_manager/share/d1_waypoint_manager/package.zsh'
[14.682s] Level 1:colcon.colcon_core.environment:create_file_with_runtime_dependencies(/home/yamaguchi-a/turtlebot3_ws/src/d1_waypoint_manager/install/d1_waypoint_manager/share/colcon-core/packages/d1_waypoint_manager)
[14.692s] DEBUG:colcon.colcon_parallel_executor.executor.parallel:closing loop
[14.693s] DEBUG:colcon.colcon_parallel_executor.executor.parallel:loop closed
[14.693s] DEBUG:colcon.colcon_parallel_executor.executor.parallel:run_until_complete finished with '2'
[14.693s] DEBUG:colcon.colcon_core.event_reactor:joining thread
[14.705s] INFO:colcon.colcon_core.plugin_system:Skipping extension 'colcon_notification.desktop_notification.terminal_notifier': Not used on non-Darwin systems
[14.706s] INFO:colcon.colcon_core.plugin_system:Skipping extension 'colcon_notification.desktop_notification.win32': Not used on non-Windows systems
[14.706s] INFO:colcon.colcon_notification.desktop_notification:Sending desktop notification using 'notify2'
[14.735s] DEBUG:colcon.colcon_core.event_reactor:joined thread
[14.735s] INFO:colcon.colcon_core.shell:Creating prefix script '/home/yamaguchi-a/turtlebot3_ws/src/d1_waypoint_manager/install/local_setup.ps1'
[14.737s] INFO:colcon.colcon_core.shell:Creating prefix util module '/home/yamaguchi-a/turtlebot3_ws/src/d1_waypoint_manager/install/_local_setup_util_ps1.py'
[14.740s] INFO:colcon.colcon_core.shell:Creating prefix chain script '/home/yamaguchi-a/turtlebot3_ws/src/d1_waypoint_manager/install/setup.ps1'
[14.742s] INFO:colcon.colcon_core.shell:Creating prefix script '/home/yamaguchi-a/turtlebot3_ws/src/d1_waypoint_manager/install/local_setup.sh'
[14.743s] INFO:colcon.colcon_core.shell:Creating prefix util module '/home/yamaguchi-a/turtlebot3_ws/src/d1_waypoint_manager/install/_local_setup_util_sh.py'
[14.743s] INFO:colcon.colcon_core.shell:Creating prefix chain script '/home/yamaguchi-a/turtlebot3_ws/src/d1_waypoint_manager/install/setup.sh'
[14.745s] INFO:colcon.colcon_core.shell:Creating prefix script '/home/yamaguchi-a/turtlebot3_ws/src/d1_waypoint_manager/install/local_setup.bash'
[14.746s] INFO:colcon.colcon_core.shell:Creating prefix chain script '/home/yamaguchi-a/turtlebot3_ws/src/d1_waypoint_manager/install/setup.bash'
[14.747s] INFO:colcon.colcon_core.shell:Creating prefix script '/home/yamaguchi-a/turtlebot3_ws/src/d1_waypoint_manager/install/local_setup.zsh'
[14.748s] INFO:colcon.colcon_core.shell:Creating prefix chain script '/home/yamaguchi-a/turtlebot3_ws/src/d1_waypoint_manager/install/setup.zsh'
