[0.012s] Invoking command in '/home/yamaguchi-a/turtlebot3_ws/src/d1_waypoint_manager/build/d1_waypoint_manager': CMAKE_PREFIX_PATH=${CMAKE_PREFIX_PATH}:/opt/ros/humble /usr/bin/cmake --build /home/yamaguchi-a/turtlebot3_ws/src/d1_waypoint_manager/build/d1_waypoint_manager -- -j8 -l8
[0.058s] [35m[1mConsolidate compiler generated dependencies of target d1_waypoint_manager[0m
[0.081s] [ 66%] [32mBuilding CXX object CMakeFiles/d1_waypoint_manager.dir/src/d1_waypoint_manager_node.cpp.o[0m
[0.082s] [ 66%] [32mBuilding CXX object CMakeFiles/d1_waypoint_manager.dir/src/d1_waypoint_manager.cpp.o[0m
[3.595s] [01m[K/home/yamaguchi-a/turtlebot3_ws/src/d1_waypoint_manager/src/d1_waypoint_manager.cpp:[m[K In constructor ‘[01m[KD1WaypointPublisher::D1WaypointPublisher()[m[K’:
[3.595s] [01m[K/home/yamaguchi-a/turtlebot3_ws/src/d1_waypoint_manager/src/d1_waypoint_manager.cpp:14:102:[m[K [01;31m[Kerror: [m[K‘[01m[KAreaCallback[m[K’ is not a member of ‘[01m[KD1WaypointPublisher[m[K’
[3.595s]    14 | a", 10, std::bind(&D1WaypointPublisher::[01;31m[KAreaCallback[m[K, this, std::placeholders::_1));
[3.595s]       |                                         [01;31m[K^~~~~~~~~~~~[m[K
[3.596s] 
[3.631s] [01m[K/home/yamaguchi-a/turtlebot3_ws/src/d1_waypoint_manager/src/d1_waypoint_manager.cpp:45:3:[m[K [01;31m[Kerror: [m[K‘[01m[Kwaypoints_file_5_[m[K’ was not declared in this scope; did you mean ‘[01m[Kwaypoints_file_1_[m[K’?
[3.631s]    45 |   [01;31m[Kwaypoints_file_5_[m[K = "/home/yamaguchi-a/turtlebot3_ws/src/d1_waypoint_manager/csv/waypoints_b.csv";//自分でつけた
[3.631s]       |   [01;31m[K^~~~~~~~~~~~~~~~~[m[K
[3.631s]       |   [32m[Kwaypoints_file_1_[m[K
[3.639s] [01m[K/home/yamaguchi-a/turtlebot3_ws/src/d1_waypoint_manager/src/d1_waypoint_manager.cpp:46:3:[m[K [01;31m[Kerror: [m[K‘[01m[Kwaypoints_file_6_[m[K’ was not declared in this scope; did you mean ‘[01m[Kwaypoints_file_1_[m[K’?
[3.639s]    46 |   [01;31m[Kwaypoints_file_6_[m[K = "/home/yamaguchi-a/turtlebot3_ws/src/d1_waypoint_manager/csv/waypoints_c.csv";//自分でつけた
[3.639s]       |   [01;31m[K^~~~~~~~~~~~~~~~~[m[K
[3.639s]       |   [32m[Kwaypoints_file_1_[m[K
[3.639s] [01m[K/home/yamaguchi-a/turtlebot3_ws/src/d1_waypoint_manager/src/d1_waypoint_manager.cpp:49:129:[m[K [01;31m[Kerror: [m[Kno match for ‘[01m[Koperator=[m[K’ (operand types are ‘[01m[Kstd::vector<std::__cxx11::basic_string<char> >[m[K’ and ‘[01m[K<brace-enclosed initializer list>[m[K’)
[3.639s]    49 | _, waypoints_file_5_, waypoints_file_6_,[01;31m[K}[m[K;//自分で追加
[3.639s]       |                                         [01;31m[K^[m[K
[3.639s] 
[3.639s] In file included from [01m[K/usr/include/c++/11/vector:72[m[K,
[3.640s]                  from [01m[K/home/yamaguchi-a/turtlebot3_ws/src/d1_waypoint_manager/include/d1_waypoint_manager/d1_waypoint_manager.hpp:10[m[K,
[3.640s]                  from [01m[K/home/yamaguchi-a/turtlebot3_ws/src/d1_waypoint_manager/src/d1_waypoint_manager.cpp:1[m[K:
[3.640s] [01m[K/usr/include/c++/11/bits/vector.tcc:198:5:[m[K [01;36m[Knote: [m[Kcandidate: ‘[01m[Kstd::vector<_Tp, _Alloc>& std::vector<_Tp, _Alloc>::operator=(const std::vector<_Tp, _Alloc>&) [with _Tp = std::__cxx11::basic_string<char>; _Alloc = std::allocator<std::__cxx11::basic_string<char> >][m[K’
[3.640s]   198 |     [01;36m[Kvector<_Tp, _Alloc>[m[K::
[3.640s]       |     [01;36m[K^~~~~~~~~~~~~~~~~~~[m[K
[3.640s] [01m[K/usr/include/c++/11/bits/vector.tcc:199:42:[m[K [01;36m[Knote: [m[K  no known conversion for argument 1 from ‘[01m[K<brace-enclosed initializer list>[m[K’ to ‘[01m[Kconst std::vector<std::__cxx11::basic_string<char> >&[m[K’
[3.640s]   199 |     operator=([01;36m[Kconst vector<_Tp, _Alloc>& __x[m[K)
[3.640s]       |               [01;36m[K~~~~~~~~~~~~~~~~~~~~~~~~~~~^~~[m[K
[3.640s] In file included from [01m[K/usr/include/c++/11/vector:67[m[K,
[3.640s]                  from [01m[K/home/yamaguchi-a/turtlebot3_ws/src/d1_waypoint_manager/include/d1_waypoint_manager/d1_waypoint_manager.hpp:10[m[K,
[3.640s]                  from [01m[K/home/yamaguchi-a/turtlebot3_ws/src/d1_waypoint_manager/src/d1_waypoint_manager.cpp:1[m[K:
[3.641s] [01m[K/usr/include/c++/11/bits/stl_vector.h:709:7:[m[K [01;36m[Knote: [m[Kcandidate: ‘[01m[Kstd::vector<_Tp, _Alloc>& std::vector<_Tp, _Alloc>::operator=(std::vector<_Tp, _Alloc>&&) [with _Tp = std::__cxx11::basic_string<char>; _Alloc = std::allocator<std::__cxx11::basic_string<char> >][m[K’
[3.641s]   709 |       [01;36m[Koperator[m[K=(vector&& __x) noexcept(_Alloc_traits::_S_nothrow_move())
[3.641s]       |       [01;36m[K^~~~~~~~[m[K
[3.641s] [01m[K/usr/include/c++/11/bits/stl_vector.h:709:26:[m[K [01;36m[Knote: [m[K  no known conversion for argument 1 from ‘[01m[K<brace-enclosed initializer list>[m[K’ to ‘[01m[Kstd::vector<std::__cxx11::basic_string<char> >&&[m[K’
[3.641s]   709 |       operator=([01;36m[Kvector&& __x[m[K) noexcept(_Alloc_traits::_S_nothrow_move())
[3.641s]       |                 [01;36m[K~~~~~~~~~^~~[m[K
[3.641s] [01m[K/usr/include/c++/11/bits/stl_vector.h:730:7:[m[K [01;36m[Knote: [m[Kcandidate: ‘[01m[Kstd::vector<_Tp, _Alloc>& std::vector<_Tp, _Alloc>::operator=(std::initializer_list<_Tp>) [with _Tp = std::__cxx11::basic_string<char>; _Alloc = std::allocator<std::__cxx11::basic_string<char> >][m[K’
[3.641s]   730 |       [01;36m[Koperator[m[K=(initializer_list<value_type> __l)
[3.641s]       |       [01;36m[K^~~~~~~~[m[K
[3.641s] [01m[K/usr/include/c++/11/bits/stl_vector.h:730:46:[m[K [01;36m[Knote: [m[K  no known conversion for argument 1 from ‘[01m[K<brace-enclosed initializer list>[m[K’ to ‘[01m[Kstd::initializer_list<std::__cxx11::basic_string<char> >[m[K’
[3.641s]   730 |       operator=([01;36m[Kinitializer_list<value_type> __l[m[K)
[3.641s]       |                 [01;36m[K~~~~~~~~~~~~~~~~~~~~~~~~~~~~~^~~[m[K
[3.664s] [01m[K/home/yamaguchi-a/turtlebot3_ws/src/d1_waypoint_manager/src/d1_waypoint_manager.cpp:54:3:[m[K [01;31m[Kerror: [m[K‘[01m[Kapproach_area_flag[m[K’ was not declared in this scope
[3.664s]    54 |   [01;31m[Kapproach_area_flag[m[K = 0;
[3.664s]       |   [01;31m[K^~~~~~~~~~~~~~~~~~[m[K
[3.694s] [01m[K/home/yamaguchi-a/turtlebot3_ws/src/d1_waypoint_manager/src/d1_waypoint_manager.cpp:[m[K In member function ‘[01m[Kvoid D1WaypointPublisher::SendWaypointsTimerCallback()[m[K’:
[3.694s] [01m[K/home/yamaguchi-a/turtlebot3_ws/src/d1_waypoint_manager/src/d1_waypoint_manager.cpp:148:39:[m[K [01;31m[Kerror: [m[K‘[01m[Kfind_character_[m[K’ was not declared in this scope
[3.694s]   148 |     std::cout << "find_character_" << [01;31m[Kfind_character_[m[K << std::endl;
[3.695s]       |                                       [01;31m[K^~~~~~~~~~~~~~~[m[K
[3.708s] [01m[K/home/yamaguchi-a/turtlebot3_ws/src/d1_waypoint_manager/src/d1_waypoint_manager.cpp:223:17:[m[K [01;31m[Kerror: [m[K‘[01m[KAPPROACH_AREA[m[K’ was not declared in this scope
[3.708s]   223 |         state = [01;31m[KAPPROACH_AREA[m[K;
[3.708s]       |                 [01;31m[K^~~~~~~~~~~~~[m[K
[3.720s] [01m[K/home/yamaguchi-a/turtlebot3_ws/src/d1_waypoint_manager/src/d1_waypoint_manager.cpp:228:8:[m[K [01;31m[Kerror: [m[K‘[01m[KAPPROACH_AREA[m[K’ was not declared in this scope
[3.720s]   228 |   case [01;31m[KAPPROACH_AREA[m[K:
[3.720s]       |        [01;31m[K^~~~~~~~~~~~~[m[K
[3.736s] [01m[K/home/yamaguchi-a/turtlebot3_ws/src/d1_waypoint_manager/src/d1_waypoint_manager.cpp:232:9:[m[K [01;31m[Kerror: [m[K‘[01m[Kapproach_area_flag[m[K’ was not declared in this scope
[3.736s]   232 |     if ([01;31m[Kapproach_area_flag[m[K == 0 ){
[3.736s]       |         [01;31m[K^~~~~~~~~~~~~~~~~~[m[K
[3.749s] [01m[K/home/yamaguchi-a/turtlebot3_ws/src/d1_waypoint_manager/src/d1_waypoint_manager.cpp:233:10:[m[K [01;31m[Kerror: [m[K‘[01m[Karea_character_[m[K’ was not declared in this scope
[3.749s]   233 |       if([01;31m[Karea_character_[m[K.data == "a"){
[3.749s]       |          [01;31m[K^~~~~~~~~~~~~~~[m[K
[3.761s] [01m[K/home/yamaguchi-a/turtlebot3_ws/src/d1_waypoint_manager/src/d1_waypoint_manager.cpp:236:10:[m[K [01;31m[Kerror: [m[K‘[01m[Karea_character_[m[K’ was not declared in this scope
[3.761s]   236 |       if([01;31m[Karea_character_[m[K.data == "b"){
[3.761s]       |          [01;31m[K^~~~~~~~~~~~~~~[m[K
[3.774s] [01m[K/home/yamaguchi-a/turtlebot3_ws/src/d1_waypoint_manager/src/d1_waypoint_manager.cpp:240:10:[m[K [01;31m[Kerror: [m[K‘[01m[Karea_character_[m[K’ was not declared in this scope
[3.774s]   240 |       if([01;31m[Karea_character_[m[K.data == "c"){
[3.774s]       |          [01;31m[K^~~~~~~~~~~~~~~[m[K
[3.789s] [01m[K/home/yamaguchi-a/turtlebot3_ws/src/d1_waypoint_manager/src/d1_waypoint_manager.cpp:246:5:[m[K [01;31m[Kerror: [m[K‘[01m[Kapproach_area_flag[m[K’ was not declared in this scope
[3.789s]   246 |     [01;31m[Kapproach_area_flag[m[K = 1;
[3.789s]       |     [01;31m[K^~~~~~~~~~~~~~~~~~[m[K
[3.805s] [01m[K/home/yamaguchi-a/turtlebot3_ws/src/d1_waypoint_manager/src/d1_waypoint_manager.cpp:[m[K At global scope:
[3.805s] [01m[K/home/yamaguchi-a/turtlebot3_ws/src/d1_waypoint_manager/src/d1_waypoint_manager.cpp:423:6:[m[K [01;31m[Kerror: [m[Kno declaration matches ‘[01m[Kvoid D1WaypointPublisher::AreaCallback(std_msgs::msg::String_<std::allocator<void> >::SharedPtr)[m[K’
[3.805s]   423 | void [01;31m[KD1WaypointPublisher[m[K::AreaCallback(const std_msgs::msg::String::SharedPtr msg){
[3.805s]       |      [01;31m[K^~~~~~~~~~~~~~~~~~~[m[K
[3.805s] [01m[K/home/yamaguchi-a/turtlebot3_ws/src/d1_waypoint_manager/src/d1_waypoint_manager.cpp:423:6:[m[K [01;36m[Knote: [m[Kno functions named ‘[01m[Kvoid D1WaypointPublisher::AreaCallback(std_msgs::msg::String_<std::allocator<void> >::SharedPtr)[m[K’
[3.805s] In file included from [01m[K/home/yamaguchi-a/turtlebot3_ws/src/d1_waypoint_manager/src/d1_waypoint_manager.cpp:1[m[K:
[3.805s] [01m[K/home/yamaguchi-a/turtlebot3_ws/src/d1_waypoint_manager/include/d1_waypoint_manager/d1_waypoint_manager.hpp:59:7:[m[K [01;36m[Knote: [m[K‘[01m[Kclass D1WaypointPublisher[m[K’ defined here
[3.805s]    59 | class [01;36m[KD1WaypointPublisher[m[K : public rclcpp::Node{
[3.805s]       |       [01;36m[K^~~~~~~~~~~~~~~~~~~[m[K
[8.357s] gmake[2]: *** [CMakeFiles/d1_waypoint_manager.dir/build.make:76: CMakeFiles/d1_waypoint_manager.dir/src/d1_waypoint_manager.cpp.o] エラー 1
[8.357s] gmake[1]: *** [CMakeFiles/Makefile2:137: CMakeFiles/d1_waypoint_manager.dir/all] エラー 2
[8.357s] gmake: *** [Makefile:146: all] エラー 2
[8.360s] Invoked command in '/home/yamaguchi-a/turtlebot3_ws/src/d1_waypoint_manager/build/d1_waypoint_manager' returned '2': CMAKE_PREFIX_PATH=${CMAKE_PREFIX_PATH}:/opt/ros/humble /usr/bin/cmake --build /home/yamaguchi-a/turtlebot3_ws/src/d1_waypoint_manager/build/d1_waypoint_manager -- -j8 -l8
