[35m[1mConsolidate compiler generated dependencies of target d1_waypoint_manager[0m
[100%] Built target d1_waypoint_manager
-- Install configuration: ""
-- Up-to-date: /home/yamaguchi-a/turtlebot3_ws/src/d1_waypoint_manager/install/d1_waypoint_manager/lib/d1_waypoint_manager/d1_waypoint_manager
-- Up-to-date: /home/yamaguchi-a/turtlebot3_ws/src/d1_waypoint_manager/install/d1_waypoint_manager/include
-- Up-to-date: /home/yamaguchi-a/turtlebot3_ws/src/d1_waypoint_manager/install/d1_waypoint_manager/include/d1_waypoint_manager
-- Up-to-date: /home/yamaguchi-a/turtlebot3_ws/src/d1_waypoint_manager/install/d1_waypoint_manager/include/d1_waypoint_manager/d1_waypoint_manager.hpp
-- Up-to-date: /home/yamaguchi-a/turtlebot3_ws/src/d1_waypoint_manager/install/d1_waypoint_manager/lib/d1_waypoint_manager/d1_waypoint_manager
-- Installing: /home/yamaguchi-a/turtlebot3_ws/src/d1_waypoint_manager/install/d1_waypoint_manager/share/d1_waypoint_manager/launch
-- Installing: /home/yamaguchi-a/turtlebot3_ws/src/d1_waypoint_manager/install/d1_waypoint_manager/share/d1_waypoint_manager/launch/start.launch.xml
-- Installing: /home/yamaguchi-a/turtlebot3_ws/src/d1_waypoint_manager/install/d1_waypoint_manager/share/ament_index/resource_index/package_run_dependencies/d1_waypoint_manager
-- Installing: /home/yamaguchi-a/turtlebot3_ws/src/d1_waypoint_manager/install/d1_waypoint_manager/share/ament_index/resource_index/parent_prefix_path/d1_waypoint_manager
-- Installing: /home/yamaguchi-a/turtlebot3_ws/src/d1_waypoint_manager/install/d1_waypoint_manager/share/d1_waypoint_manager/environment/ament_prefix_path.sh
-- Installing: /home/yamaguchi-a/turtlebot3_ws/src/d1_waypoint_manager/install/d1_waypoint_manager/share/d1_waypoint_manager/environment/ament_prefix_path.dsv
-- Installing: /home/yamaguchi-a/turtlebot3_ws/src/d1_waypoint_manager/install/d1_waypoint_manager/share/d1_waypoint_manager/environment/path.sh
-- Installing: /home/yamaguchi-a/turtlebot3_ws/src/d1_waypoint_manager/install/d1_waypoint_manager/share/d1_waypoint_manager/environment/path.dsv
-- Installing: /home/yamaguchi-a/turtlebot3_ws/src/d1_waypoint_manager/install/d1_waypoint_manager/share/d1_waypoint_manager/local_setup.bash
-- Installing: /home/yamaguchi-a/turtlebot3_ws/src/d1_waypoint_manager/install/d1_waypoint_manager/share/d1_waypoint_manager/local_setup.sh
-- Installing: /home/yamaguchi-a/turtlebot3_ws/src/d1_waypoint_manager/install/d1_waypoint_manager/share/d1_waypoint_manager/local_setup.zsh
-- Installing: /home/yamaguchi-a/turtlebot3_ws/src/d1_waypoint_manager/install/d1_waypoint_manager/share/d1_waypoint_manager/local_setup.dsv
-- Installing: /home/yamaguchi-a/turtlebot3_ws/src/d1_waypoint_manager/install/d1_waypoint_manager/share/d1_waypoint_manager/package.dsv
-- Installing: /home/yamaguchi-a/turtlebot3_ws/src/d1_waypoint_manager/install/d1_waypoint_manager/share/ament_index/resource_index/packages/d1_waypoint_manager
-- Installing: /home/yamaguchi-a/turtlebot3_ws/src/d1_waypoint_manager/install/d1_waypoint_manager/share/d1_waypoint_manager/cmake/ament_cmake_export_include_directories-extras.cmake
-- Installing: /home/yamaguchi-a/turtlebot3_ws/src/d1_waypoint_manager/install/d1_waypoint_manager/share/d1_waypoint_manager/cmake/d1_waypoint_managerConfig.cmake
-- Installing: /home/yamaguchi-a/turtlebot3_ws/src/d1_waypoint_manager/install/d1_waypoint_manager/share/d1_waypoint_manager/cmake/d1_waypoint_managerConfig-version.cmake
-- Installing: /home/yamaguchi-a/turtlebot3_ws/src/d1_waypoint_manager/install/d1_waypoint_manager/share/d1_waypoint_manager/package.xml
