-- The C compiler identification is GNU 11.4.0
-- The CXX compiler identification is GNU 11.4.0
-- Detecting C compiler ABI info
-- Detecting C compiler ABI info - done
-- Check for working C compiler: /usr/bin/cc - skipped
-- Detecting C compile features
-- Detecting C compile features - done
-- Detecting CXX compiler ABI info
-- Detecting CXX compiler ABI info - done
-- Check for working CXX compiler: /usr/bin/c++ - skipped
-- Detecting CXX compile features
-- Detecting CXX compile features - done
-- Found rclcpp: 16.0.10 (/opt/ros/humble/share/rclcpp/cmake)
-- Found Python3: /usr/bin/python3 (found version "3.10.12") found components: Interpreter 
-- Found rosidl_generator_c: 3.1.5 (/opt/ros/humble/share/rosidl_generator_c/cmake)
-- Found rosidl_adapter: 3.1.5 (/opt/ros/humble/share/rosidl_adapter/cmake)
-- Found rosidl_generator_cpp: 3.1.5 (/opt/ros/humble/share/rosidl_generator_cpp/cmake)
-- Using all available rosidl_typesupport_c: rosidl_typesupport_fastrtps_c;rosidl_typesupport_introspection_c
-- Using all available rosidl_typesupport_cpp: rosidl_typesupport_fastrtps_cpp;rosidl_typesupport_introspection_cpp
-- Found rmw_implementation_cmake: 6.1.2 (/opt/ros/humble/share/rmw_implementation_cmake/cmake)
-- Found rmw_fastrtps_cpp: 6.2.7 (/opt/ros/humble/share/rmw_fastrtps_cpp/cmake)
-- Found OpenSSL: /usr/lib/x86_64-linux-gnu/libcrypto.so (found version "3.0.2")  
-- Found FastRTPS: /opt/ros/humble/include  
-- Using RMW implementation 'rmw_fastrtps_cpp' as default
-- Looking for pthread.h
-- Looking for pthread.h - found
-- Performing Test CMAKE_HAVE_LIBC_PTHREAD
-- Performing Test CMAKE_HAVE_LIBC_PTHREAD - Success
-- Found Threads: TRUE  
-- Found rclcpp_action: 16.0.10 (/opt/ros/humble/share/rclcpp_action/cmake)
-- Found nav2_msgs: 1.1.15 (/opt/ros/humble/share/nav2_msgs/cmake)
-- Found tf2: 0.25.7 (/opt/ros/humble/share/tf2/cmake)
-- Found tf2_geometry_msgs: 0.25.7 (/opt/ros/humble/share/tf2_geometry_msgs/cmake)
-- Found eigen3_cmake_module: 0.1.1 (/opt/ros/humble/share/eigen3_cmake_module/cmake)
-- Found Eigen3: TRUE (found version "3.4.0") 
-- Ensuring Eigen3 include directory is part of orocos-kdl CMake target
-- Found ament_cmake_auto: 1.3.10 (/opt/ros/humble/share/ament_cmake_auto/cmake)
-- Found ament_lint_auto: 0.12.11 (/opt/ros/humble/share/ament_lint_auto/cmake)
-- Added test 'cppcheck' to perform static code analysis on C / C++ code
-- Configured cppcheck include dirs: /home/yamaguchi-a/turtlebot3_ws/src/d1_waypoint_manager/include
-- Configured cppcheck exclude dirs and/or files: 
-- Added test 'lint_cmake' to check CMake code style
-- Added test 'uncrustify' to check C / C++ code style
-- Configured uncrustify additional arguments: 
-- Added test 'xmllint' to check XML markup files
-- Configuring done
-- Generating done
-- Build files have been written to: /home/yamaguchi-a/turtlebot3_ws/src/d1_waypoint_manager/build/d1_waypoint_manager
[ 66%] [32mBuilding CXX object CMakeFiles/d1_waypoint_manager.dir/src/d1_waypoint_manager.cpp.o[0m
[ 66%] [32mBuilding CXX object CMakeFiles/d1_waypoint_manager.dir/src/d1_waypoint_manager_node.cpp.o[0m
[01m[K/home/yamaguchi-a/turtlebot3_ws/src/d1_waypoint_manager/src/d1_waypoint_manager.cpp:[m[K In constructor ‘[01m[KD1WaypointPublisher::D1WaypointPublisher()[m[K’:
[01m[K/home/yamaguchi-a/turtlebot3_ws/src/d1_waypoint_manager/src/d1_waypoint_manager.cpp:14:3:[m[K [01;31m[Kerror: [m[K‘[01m[Karea_sub_[m[K’ was not declared in this scope
   14 |   [01;31m[Karea_sub_[m[K = create_subscription<std_msgs::msg::String>("area", 10, std::bind(&D1WaypointPublisher::AreaCallback, this, std::placeholders::_1));
      |   [01;31m[K^~~~~~~~~[m[K
[01m[K/home/yamaguchi-a/turtlebot3_ws/src/d1_waypoint_manager/src/d1_waypoint_manager.cpp:14:50:[m[K [01;31m[Kerror: [m[K‘[01m[KString[m[K’ is not a member of ‘[01m[Kstd_msgs::msg[m[K’
   14 | b_ = create_subscription<std_msgs::msg::[01;31m[KString[m[K>("area", 10, std::bind(&D1WaypointPublisher::AreaCallback, this, std::placeholders::_1));
      |                                         [01;31m[K^~~~~~[m[K

[01m[K/home/yamaguchi-a/turtlebot3_ws/src/d1_waypoint_manager/src/d1_waypoint_manager.cpp:14:102:[m[K [01;31m[Kerror: [m[K‘[01m[KAreaCallback[m[K’ is not a member of ‘[01m[KD1WaypointPublisher[m[K’
   14 | a", 10, std::bind(&D1WaypointPublisher::[01;31m[KAreaCallback[m[K, this, std::placeholders::_1));
      |                                         [01;31m[K^~~~~~~~~~~~[m[K

[01m[K/home/yamaguchi-a/turtlebot3_ws/src/d1_waypoint_manager/src/d1_waypoint_manager.cpp:45:3:[m[K [01;31m[Kerror: [m[K‘[01m[Kwaypoints_file_5_[m[K’ was not declared in this scope; did you mean ‘[01m[Kwaypoints_file_1_[m[K’?
   45 |   [01;31m[Kwaypoints_file_5_[m[K = "/home/yamaguchi-a/turtlebot3_ws/src/d1_waypoint_manager/csv/waypoints_b.csv";//自分でつけた
      |   [01;31m[K^~~~~~~~~~~~~~~~~[m[K
      |   [32m[Kwaypoints_file_1_[m[K
[01m[K/home/yamaguchi-a/turtlebot3_ws/src/d1_waypoint_manager/src/d1_waypoint_manager.cpp:46:3:[m[K [01;31m[Kerror: [m[K‘[01m[Kwaypoints_file_6_[m[K’ was not declared in this scope; did you mean ‘[01m[Kwaypoints_file_1_[m[K’?
   46 |   [01;31m[Kwaypoints_file_6_[m[K = "/home/yamaguchi-a/turtlebot3_ws/src/d1_waypoint_manager/csv/waypoints_c.csv";//自分でつけた
      |   [01;31m[K^~~~~~~~~~~~~~~~~[m[K
      |   [32m[Kwaypoints_file_1_[m[K
[01m[K/home/yamaguchi-a/turtlebot3_ws/src/d1_waypoint_manager/src/d1_waypoint_manager.cpp:49:129:[m[K [01;31m[Kerror: [m[Kno match for ‘[01m[Koperator=[m[K’ (operand types are ‘[01m[Kstd::vector<std::__cxx11::basic_string<char> >[m[K’ and ‘[01m[K<brace-enclosed initializer list>[m[K’)
   49 | _, waypoints_file_5_, waypoints_file_6_,[01;31m[K}[m[K;//自分で追加
      |                                         [01;31m[K^[m[K

In file included from [01m[K/usr/include/c++/11/vector:72[m[K,
                 from [01m[K/home/yamaguchi-a/turtlebot3_ws/src/d1_waypoint_manager/include/d1_waypoint_manager/d1_waypoint_manager.hpp:10[m[K,
                 from [01m[K/home/yamaguchi-a/turtlebot3_ws/src/d1_waypoint_manager/src/d1_waypoint_manager.cpp:1[m[K:
[01m[K/usr/include/c++/11/bits/vector.tcc:198:5:[m[K [01;36m[Knote: [m[Kcandidate: ‘[01m[Kstd::vector<_Tp, _Alloc>& std::vector<_Tp, _Alloc>::operator=(const std::vector<_Tp, _Alloc>&) [with _Tp = std::__cxx11::basic_string<char>; _Alloc = std::allocator<std::__cxx11::basic_string<char> >][m[K’
  198 |     [01;36m[Kvector<_Tp, _Alloc>[m[K::
      |     [01;36m[K^~~~~~~~~~~~~~~~~~~[m[K
[01m[K/usr/include/c++/11/bits/vector.tcc:199:42:[m[K [01;36m[Knote: [m[K  no known conversion for argument 1 from ‘[01m[K<brace-enclosed initializer list>[m[K’ to ‘[01m[Kconst std::vector<std::__cxx11::basic_string<char> >&[m[K’
  199 |     operator=([01;36m[Kconst vector<_Tp, _Alloc>& __x[m[K)
      |               [01;36m[K~~~~~~~~~~~~~~~~~~~~~~~~~~~^~~[m[K
In file included from [01m[K/usr/include/c++/11/vector:67[m[K,
                 from [01m[K/home/yamaguchi-a/turtlebot3_ws/src/d1_waypoint_manager/include/d1_waypoint_manager/d1_waypoint_manager.hpp:10[m[K,
                 from [01m[K/home/yamaguchi-a/turtlebot3_ws/src/d1_waypoint_manager/src/d1_waypoint_manager.cpp:1[m[K:
[01m[K/usr/include/c++/11/bits/stl_vector.h:709:7:[m[K [01;36m[Knote: [m[Kcandidate: ‘[01m[Kstd::vector<_Tp, _Alloc>& std::vector<_Tp, _Alloc>::operator=(std::vector<_Tp, _Alloc>&&) [with _Tp = std::__cxx11::basic_string<char>; _Alloc = std::allocator<std::__cxx11::basic_string<char> >][m[K’
  709 |       [01;36m[Koperator[m[K=(vector&& __x) noexcept(_Alloc_traits::_S_nothrow_move())
      |       [01;36m[K^~~~~~~~[m[K
[01m[K/usr/include/c++/11/bits/stl_vector.h:709:26:[m[K [01;36m[Knote: [m[K  no known conversion for argument 1 from ‘[01m[K<brace-enclosed initializer list>[m[K’ to ‘[01m[Kstd::vector<std::__cxx11::basic_string<char> >&&[m[K’
  709 |       operator=([01;36m[Kvector&& __x[m[K) noexcept(_Alloc_traits::_S_nothrow_move())
      |                 [01;36m[K~~~~~~~~~^~~[m[K
[01m[K/usr/include/c++/11/bits/stl_vector.h:730:7:[m[K [01;36m[Knote: [m[Kcandidate: ‘[01m[Kstd::vector<_Tp, _Alloc>& std::vector<_Tp, _Alloc>::operator=(std::initializer_list<_Tp>) [with _Tp = std::__cxx11::basic_string<char>; _Alloc = std::allocator<std::__cxx11::basic_string<char> >][m[K’
  730 |       [01;36m[Koperator[m[K=(initializer_list<value_type> __l)
      |       [01;36m[K^~~~~~~~[m[K
[01m[K/usr/include/c++/11/bits/stl_vector.h:730:46:[m[K [01;36m[Knote: [m[K  no known conversion for argument 1 from ‘[01m[K<brace-enclosed initializer list>[m[K’ to ‘[01m[Kstd::initializer_list<std::__cxx11::basic_string<char> >[m[K’
  730 |       operator=([01;36m[Kinitializer_list<value_type> __l[m[K)
      |                 [01;36m[K~~~~~~~~~~~~~~~~~~~~~~~~~~~~~^~~[m[K
[01m[K/home/yamaguchi-a/turtlebot3_ws/src/d1_waypoint_manager/src/d1_waypoint_manager.cpp:54:3:[m[K [01;31m[Kerror: [m[K‘[01m[Kapproach_area_flag[m[K’ was not declared in this scope
   54 |   [01;31m[Kapproach_area_flag[m[K = 0;
      |   [01;31m[K^~~~~~~~~~~~~~~~~~[m[K
[01m[K/home/yamaguchi-a/turtlebot3_ws/src/d1_waypoint_manager/src/d1_waypoint_manager.cpp:[m[K In member function ‘[01m[Kvoid D1WaypointPublisher::SendWaypointsTimerCallback()[m[K’:
[01m[K/home/yamaguchi-a/turtlebot3_ws/src/d1_waypoint_manager/src/d1_waypoint_manager.cpp:148:39:[m[K [01;31m[Kerror: [m[K‘[01m[Kfind_character_[m[K’ was not declared in this scope
  148 |     std::cout << "find_character_" << [01;31m[Kfind_character_[m[K << std::endl;
      |                                       [01;31m[K^~~~~~~~~~~~~~~[m[K
[01m[K/home/yamaguchi-a/turtlebot3_ws/src/d1_waypoint_manager/src/d1_waypoint_manager.cpp:223:17:[m[K [01;31m[Kerror: [m[K‘[01m[KAPPROACH_AREA[m[K’ was not declared in this scope
  223 |         state = [01;31m[KAPPROACH_AREA[m[K;
      |                 [01;31m[K^~~~~~~~~~~~~[m[K
[01m[K/home/yamaguchi-a/turtlebot3_ws/src/d1_waypoint_manager/src/d1_waypoint_manager.cpp:228:8:[m[K [01;31m[Kerror: [m[K‘[01m[KAPPROACH_AREA[m[K’ was not declared in this scope
  228 |   case [01;31m[KAPPROACH_AREA[m[K:
      |        [01;31m[K^~~~~~~~~~~~~[m[K
[01m[K/home/yamaguchi-a/turtlebot3_ws/src/d1_waypoint_manager/src/d1_waypoint_manager.cpp:232:9:[m[K [01;31m[Kerror: [m[K‘[01m[Kapproach_area_flag[m[K’ was not declared in this scope
  232 |     if ([01;31m[Kapproach_area_flag[m[K == 0 ){
      |         [01;31m[K^~~~~~~~~~~~~~~~~~[m[K
[01m[K/home/yamaguchi-a/turtlebot3_ws/src/d1_waypoint_manager/src/d1_waypoint_manager.cpp:233:10:[m[K [01;31m[Kerror: [m[K‘[01m[Karea_character_[m[K’ was not declared in this scope
  233 |       if([01;31m[Karea_character_[m[K.data == "a"){
      |          [01;31m[K^~~~~~~~~~~~~~~[m[K
[01m[K/home/yamaguchi-a/turtlebot3_ws/src/d1_waypoint_manager/src/d1_waypoint_manager.cpp:236:10:[m[K [01;31m[Kerror: [m[K‘[01m[Karea_character_[m[K’ was not declared in this scope
  236 |       if([01;31m[Karea_character_[m[K.data == "b"){
      |          [01;31m[K^~~~~~~~~~~~~~~[m[K
[01m[K/home/yamaguchi-a/turtlebot3_ws/src/d1_waypoint_manager/src/d1_waypoint_manager.cpp:240:10:[m[K [01;31m[Kerror: [m[K‘[01m[Karea_character_[m[K’ was not declared in this scope
  240 |       if([01;31m[Karea_character_[m[K.data == "c"){
      |          [01;31m[K^~~~~~~~~~~~~~~[m[K
[01m[K/home/yamaguchi-a/turtlebot3_ws/src/d1_waypoint_manager/src/d1_waypoint_manager.cpp:246:5:[m[K [01;31m[Kerror: [m[K‘[01m[Kapproach_area_flag[m[K’ was not declared in this scope
  246 |     [01;31m[Kapproach_area_flag[m[K = 1;
      |     [01;31m[K^~~~~~~~~~~~~~~~~~[m[K
[01m[K/home/yamaguchi-a/turtlebot3_ws/src/d1_waypoint_manager/src/d1_waypoint_manager.cpp:[m[K At global scope:
[01m[K/home/yamaguchi-a/turtlebot3_ws/src/d1_waypoint_manager/src/d1_waypoint_manager.cpp:423:61:[m[K [01;31m[Kerror: [m[K‘[01m[KString[m[K’ in namespace ‘[01m[Kstd_msgs::msg[m[K’ does not name a type
  423 | sher::AreaCallback(const std_msgs::msg::[01;31m[KString[m[K::SharedPtr msg){
      |                                         [01;31m[K^~~~~~[m[K

[01m[K/home/yamaguchi-a/turtlebot3_ws/src/d1_waypoint_manager/src/d1_waypoint_manager.cpp:423:79:[m[K [01;31m[Kerror: [m[Kexpected unqualified-id before ‘[01m[Kmsg[m[K’
  423 | llback(const std_msgs::msg::String::SharedPtr [01;31m[Kmsg[m[K){
      |                                               [01;31m[K^~~[m[K

[01m[K/home/yamaguchi-a/turtlebot3_ws/src/d1_waypoint_manager/src/d1_waypoint_manager.cpp:423:78:[m[K [01;31m[Kerror: [m[Kexpected ‘[01m[K)[m[K’ before ‘[01m[Kmsg[m[K’
  423 | llback[34m[K([m[Kconst std_msgs::msg::String::SharedPtr[01;31m[K [m[K[32m[Kmsg[m[K){
      |       [34m[K~[m[K                                      [01;31m[K^[m[K[32m[K~~~[m[K
      |                                              [32m[K)[m[K
[01m[K/home/yamaguchi-a/turtlebot3_ws/src/d1_waypoint_manager/src/d1_waypoint_manager.cpp:423:79:[m[K [01;31m[Kerror: [m[Kexpected initializer before ‘[01m[Kmsg[m[K’
  423 | llback(const std_msgs::msg::String::SharedPtr [01;31m[Kmsg[m[K){
      |                                               [01;31m[K^~~[m[K

gmake[2]: *** [CMakeFiles/d1_waypoint_manager.dir/build.make:76: CMakeFiles/d1_waypoint_manager.dir/src/d1_waypoint_manager.cpp.o] エラー 1
gmake[1]: *** [CMakeFiles/Makefile2:137: CMakeFiles/d1_waypoint_manager.dir/all] エラー 2
gmake: *** [Makefile:146: all] エラー 2
