[0.014s] Invoking command in '/home/yamaguchi-a/turtlebot3_ws/src/d1_waypoint_manager/build/d1_waypoint_manager': CMAKE_PREFIX_PATH=${CMAKE_PREFIX_PATH}:/opt/ros/humble /usr/bin/cmake --build /home/yamaguchi-a/turtlebot3_ws/src/d1_waypoint_manager/build/d1_waypoint_manager -- -j8 -l8
[0.068s] [35m[1mConsolidate compiler generated dependencies of target d1_waypoint_manager[0m
[0.097s] [ 66%] [32mBuilding CXX object CMakeFiles/d1_waypoint_manager.dir/src/d1_waypoint_manager.cpp.o[0m
[0.097s] [ 66%] [32mBuilding CXX object CMakeFiles/d1_waypoint_manager.dir/src/d1_waypoint_manager_node.cpp.o[0m
[25.196s] [100%] [32m[1mLinking CXX executable d1_waypoint_manager[0m
[26.686s] [100%] Built target d1_waypoint_manager
[26.704s] Invoked command in '/home/yamaguchi-a/turtlebot3_ws/src/d1_waypoint_manager/build/d1_waypoint_manager' returned '0': CMAKE_PREFIX_PATH=${CMAKE_PREFIX_PATH}:/opt/ros/humble /usr/bin/cmake --build /home/yamaguchi-a/turtlebot3_ws/src/d1_waypoint_manager/build/d1_waypoint_manager -- -j8 -l8
[26.764s] Invoking command in '/home/yamaguchi-a/turtlebot3_ws/src/d1_waypoint_manager/build/d1_waypoint_manager': CMAKE_PREFIX_PATH=${CMAKE_PREFIX_PATH}:/opt/ros/humble /usr/bin/cmake --install /home/yamaguchi-a/turtlebot3_ws/src/d1_waypoint_manager/build/d1_waypoint_manager
[26.776s] -- Install configuration: ""
[26.777s] -- Installing: /home/yamaguchi-a/turtlebot3_ws/src/d1_waypoint_manager/install/d1_waypoint_manager/lib/d1_waypoint_manager/d1_waypoint_manager
[26.791s] -- Set runtime path of "/home/yamaguchi-a/turtlebot3_ws/src/d1_waypoint_manager/install/d1_waypoint_manager/lib/d1_waypoint_manager/d1_waypoint_manager" to ""
[26.791s] -- Up-to-date: /home/yamaguchi-a/turtlebot3_ws/src/d1_waypoint_manager/install/d1_waypoint_manager/include
[26.791s] -- Up-to-date: /home/yamaguchi-a/turtlebot3_ws/src/d1_waypoint_manager/install/d1_waypoint_manager/include/d1_waypoint_manager
[26.791s] -- Installing: /home/yamaguchi-a/turtlebot3_ws/src/d1_waypoint_manager/install/d1_waypoint_manager/include/d1_waypoint_manager/d1_waypoint_manager.hpp
[26.792s] -- Up-to-date: /home/yamaguchi-a/turtlebot3_ws/src/d1_waypoint_manager/install/d1_waypoint_manager/lib/d1_waypoint_manager/d1_waypoint_manager
[26.792s] -- Up-to-date: /home/yamaguchi-a/turtlebot3_ws/src/d1_waypoint_manager/install/d1_waypoint_manager/share/d1_waypoint_manager/launch
[26.792s] -- Up-to-date: /home/yamaguchi-a/turtlebot3_ws/src/d1_waypoint_manager/install/d1_waypoint_manager/share/d1_waypoint_manager/launch/start.launch.xml
[26.793s] -- Up-to-date: /home/yamaguchi-a/turtlebot3_ws/src/d1_waypoint_manager/install/d1_waypoint_manager/share/ament_index/resource_index/package_run_dependencies/d1_waypoint_manager
[26.793s] -- Installing: /home/yamaguchi-a/turtlebot3_ws/src/d1_waypoint_manager/install/d1_waypoint_manager/share/ament_index/resource_index/parent_prefix_path/d1_waypoint_manager
[26.793s] -- Up-to-date: /home/yamaguchi-a/turtlebot3_ws/src/d1_waypoint_manager/install/d1_waypoint_manager/share/d1_waypoint_manager/environment/ament_prefix_path.sh
[26.794s] -- Installing: /home/yamaguchi-a/turtlebot3_ws/src/d1_waypoint_manager/install/d1_waypoint_manager/share/d1_waypoint_manager/environment/ament_prefix_path.dsv
[26.794s] -- Up-to-date: /home/yamaguchi-a/turtlebot3_ws/src/d1_waypoint_manager/install/d1_waypoint_manager/share/d1_waypoint_manager/environment/path.sh
[26.794s] -- Installing: /home/yamaguchi-a/turtlebot3_ws/src/d1_waypoint_manager/install/d1_waypoint_manager/share/d1_waypoint_manager/environment/path.dsv
[26.794s] -- Up-to-date: /home/yamaguchi-a/turtlebot3_ws/src/d1_waypoint_manager/install/d1_waypoint_manager/share/d1_waypoint_manager/local_setup.bash
[26.795s] -- Up-to-date: /home/yamaguchi-a/turtlebot3_ws/src/d1_waypoint_manager/install/d1_waypoint_manager/share/d1_waypoint_manager/local_setup.sh
[26.795s] -- Up-to-date: /home/yamaguchi-a/turtlebot3_ws/src/d1_waypoint_manager/install/d1_waypoint_manager/share/d1_waypoint_manager/local_setup.zsh
[26.795s] -- Installing: /home/yamaguchi-a/turtlebot3_ws/src/d1_waypoint_manager/install/d1_waypoint_manager/share/d1_waypoint_manager/local_setup.dsv
[26.795s] -- Installing: /home/yamaguchi-a/turtlebot3_ws/src/d1_waypoint_manager/install/d1_waypoint_manager/share/d1_waypoint_manager/package.dsv
[26.795s] -- Up-to-date: /home/yamaguchi-a/turtlebot3_ws/src/d1_waypoint_manager/install/d1_waypoint_manager/share/ament_index/resource_index/packages/d1_waypoint_manager
[26.795s] -- Up-to-date: /home/yamaguchi-a/turtlebot3_ws/src/d1_waypoint_manager/install/d1_waypoint_manager/share/d1_waypoint_manager/cmake/ament_cmake_export_include_directories-extras.cmake
[26.796s] -- Up-to-date: /home/yamaguchi-a/turtlebot3_ws/src/d1_waypoint_manager/install/d1_waypoint_manager/share/d1_waypoint_manager/cmake/d1_waypoint_managerConfig.cmake
[26.796s] -- Up-to-date: /home/yamaguchi-a/turtlebot3_ws/src/d1_waypoint_manager/install/d1_waypoint_manager/share/d1_waypoint_manager/cmake/d1_waypoint_managerConfig-version.cmake
[26.796s] -- Up-to-date: /home/yamaguchi-a/turtlebot3_ws/src/d1_waypoint_manager/install/d1_waypoint_manager/share/d1_waypoint_manager/package.xml
[26.798s] Invoked command in '/home/yamaguchi-a/turtlebot3_ws/src/d1_waypoint_manager/build/d1_waypoint_manager' returned '0': CMAKE_PREFIX_PATH=${CMAKE_PREFIX_PATH}:/opt/ros/humble /usr/bin/cmake --install /home/yamaguchi-a/turtlebot3_ws/src/d1_waypoint_manager/build/d1_waypoint_manager
