-- Found rclcpp: 16.0.10 (/opt/ros/humble/share/rclcpp/cmake)
-- Found rosidl_generator_c: 3.1.5 (/opt/ros/humble/share/rosidl_generator_c/cmake)
-- Found rosidl_adapter: 3.1.5 (/opt/ros/humble/share/rosidl_adapter/cmake)
-- Found rosidl_generator_cpp: 3.1.5 (/opt/ros/humble/share/rosidl_generator_cpp/cmake)
-- Using all available rosidl_typesupport_c: rosidl_typesupport_fastrtps_c;rosidl_typesupport_introspection_c
-- Using all available rosidl_typesupport_cpp: rosidl_typesupport_fastrtps_cpp;rosidl_typesupport_introspection_cpp
-- Found rmw_implementation_cmake: 6.1.2 (/opt/ros/humble/share/rmw_implementation_cmake/cmake)
-- Found rmw_fastrtps_cpp: 6.2.7 (/opt/ros/humble/share/rmw_fastrtps_cpp/cmake)
-- Using RMW implementation 'rmw_fastrtps_cpp' as default
-- Found rclcpp_action: 16.0.10 (/opt/ros/humble/share/rclcpp_action/cmake)
-- Found nav2_msgs: 1.1.15 (/opt/ros/humble/share/nav2_msgs/cmake)
-- Found tf2: 0.25.7 (/opt/ros/humble/share/tf2/cmake)
-- Found tf2_geometry_msgs: 0.25.7 (/opt/ros/humble/share/tf2_geometry_msgs/cmake)
-- Found eigen3_cmake_module: 0.1.1 (/opt/ros/humble/share/eigen3_cmake_module/cmake)
-- Ensuring Eigen3 include directory is part of orocos-kdl CMake target
-- Found tsukutsuku2_msgs: 0.0.0 (/home/yamaguchi-a/ros2_ws/install/tsukutsuku2_msgs/share/tsukutsuku2_msgs/cmake)
-- Found ament_cmake_auto: 1.3.10 (/opt/ros/humble/share/ament_cmake_auto/cmake)
-- Found ament_lint_auto: 0.12.11 (/opt/ros/humble/share/ament_lint_auto/cmake)
-- Added test 'cppcheck' to perform static code analysis on C / C++ code
-- Configured cppcheck include dirs: /home/yamaguchi-a/turtlebot3_ws/src/d1_waypoint_manager/include
-- Configured cppcheck exclude dirs and/or files: 
-- Added test 'flake8' to check Python code syntax and style conventions
-- Added test 'lint_cmake' to check CMake code style
-- Added test 'pep257' to check Python code against some of the docstring style conventions in PEP 257
-- Added test 'uncrustify' to check C / C++ code style
-- Configured uncrustify additional arguments: 
-- Added test 'xmllint' to check XML markup files
-- Configuring done
-- Generating done
-- Build files have been written to: /home/yamaguchi-a/turtlebot3_ws/src/d1_waypoint_manager/build/d1_waypoint_manager
[35m[1mConsolidate compiler generated dependencies of target d1_waypoint_manager[0m
[ 66%] [32mBuilding CXX object CMakeFiles/d1_waypoint_manager.dir/src/d1_waypoint_manager.cpp.o[0m
[ 66%] [32mBuilding CXX object CMakeFiles/d1_waypoint_manager.dir/src/d1_waypoint_manager_node.cpp.o[0m
[01m[K/home/yamaguchi-a/turtlebot3_ws/src/d1_waypoint_manager/src/d1_waypoint_manager.cpp:[m[K In constructor ‘[01m[KD1WaypointPublisher::D1WaypointPublisher()[m[K’:
[01m[K/home/yamaguchi-a/turtlebot3_ws/src/d1_waypoint_manager/src/d1_waypoint_manager.cpp:63:38:[m[K [01;31m[Kerror: [m[Kcannot convert ‘[01m[Kstd::vector<tsukutsuku2_msgs::msg::Waypoint_<std::allocator<void> >, std::allocator<tsukutsuku2_msgs::msg::Waypoint_<std::allocator<void> > > >[m[K’ to ‘[01m[Kstd::vector<tsukutsuku2_msgs::msg::Waypoints_<std::allocator<void> > >&[m[K’
   63 |   ReadWaypointsFromCSV(csv_file_[0], [01;31m[Kwaypoints_[m[K);
      |                                      [01;31m[K^~~~~~~~~~[m[K
      |                                      [01;31m[K|[m[K
      |                                      [01;31m[Kstd::vector<tsukutsuku2_msgs::msg::Waypoint_<std::allocator<void> >, std::allocator<tsukutsuku2_msgs::msg::Waypoint_<std::allocator<void> > > >[m[K
In file included from [01m[K/home/yamaguchi-a/turtlebot3_ws/src/d1_waypoint_manager/src/d1_waypoint_manager.cpp:1[m[K:
[01m[K/home/yamaguchi-a/turtlebot3_ws/src/d1_waypoint_manager/include/d1_waypoint_manager/d1_waypoint_manager.hpp:74:99:[m[K [01;36m[Knote: [m[K  initializing argument 2 of ‘[01m[Kvoid D1WaypointPublisher::ReadWaypointsFromCSV(std::string&, std::vector<tsukutsuku2_msgs::msg::Waypoints_<std::allocator<void> > >&)[m[K’
   74 | [01;36m[Kctor<tsukutsuku2_msgs::msg::Waypoints>& waypoints_[m[K);
      | [01;36m[K~~~~~~~~~~~~~~~~~~~~~~~~~~~~~~~~~~~~~~~~^~~~~~~~~~[m[K

[01m[K/home/yamaguchi-a/turtlebot3_ws/src/d1_waypoint_manager/src/d1_waypoint_manager.cpp:[m[K At global scope:
[01m[K/home/yamaguchi-a/turtlebot3_ws/src/d1_waypoint_manager/src/d1_waypoint_manager.cpp:109:6:[m[K [01;31m[Kerror: [m[Kno declaration matches ‘[01m[Kvoid D1WaypointPublisher::ReadWaypointsFromCSV(std::string&, std::vector<tsukutsuku2_msgs::msg::Waypoint_<std::allocator<void> >, std::allocator<tsukutsuku2_msgs::msg::Waypoint_<std::allocator<void> > > >&)[m[K’
  109 | void [01;31m[KD1WaypointPublisher[m[K::ReadWaypointsFromCSV(std::string& csv_file, std::vector<tsukutsuku2_msgs::msg::Waypoint>& waypoints_)
      |      [01;31m[K^~~~~~~~~~~~~~~~~~~[m[K
In file included from [01m[K/home/yamaguchi-a/turtlebot3_ws/src/d1_waypoint_manager/src/d1_waypoint_manager.cpp:1[m[K:
[01m[K/home/yamaguchi-a/turtlebot3_ws/src/d1_waypoint_manager/include/d1_waypoint_manager/d1_waypoint_manager.hpp:74:8:[m[K [01;36m[Knote: [m[Kcandidate is: ‘[01m[Kvoid D1WaypointPublisher::ReadWaypointsFromCSV(std::string&, std::vector<tsukutsuku2_msgs::msg::Waypoints_<std::allocator<void> > >&)[m[K’
   74 |   void [01;36m[KReadWaypointsFromCSV[m[K(std::string& csv_file, std::vector<tsukutsuku2_msgs::msg::Waypoints>& waypoints_);
      |        [01;36m[K^~~~~~~~~~~~~~~~~~~~[m[K
[01m[K/home/yamaguchi-a/turtlebot3_ws/src/d1_waypoint_manager/include/d1_waypoint_manager/d1_waypoint_manager.hpp:65:7:[m[K [01;36m[Knote: [m[K‘[01m[Kclass D1WaypointPublisher[m[K’ defined here
   65 | class [01;36m[KD1WaypointPublisher[m[K : public rclcpp::Node{
      |       [01;36m[K^~~~~~~~~~~~~~~~~~~[m[K
[01m[K/home/yamaguchi-a/turtlebot3_ws/src/d1_waypoint_manager/src/d1_waypoint_manager.cpp:[m[K In member function ‘[01m[Kvoid D1WaypointPublisher::SendWaypointsTimerCallback()[m[K’:
[01m[K/home/yamaguchi-a/turtlebot3_ws/src/d1_waypoint_manager/src/d1_waypoint_manager.cpp:187:42:[m[K [01;31m[Kerror: [m[Kcannot convert ‘[01m[Kstd::vector<tsukutsuku2_msgs::msg::Waypoint_<std::allocator<void> >, std::allocator<tsukutsuku2_msgs::msg::Waypoint_<std::allocator<void> > > >[m[K’ to ‘[01m[Kstd::vector<tsukutsuku2_msgs::msg::Waypoints_<std::allocator<void> > >&[m[K’
  187 |      ReadWaypointsFromCSV(csv_file_[1], [01;31m[Kwaypoints_[m[K);
      |                                         [01;31m[K^~~~~~~~~~[m[K
      |                                         [01;31m[K|[m[K
      |                                         [01;31m[Kstd::vector<tsukutsuku2_msgs::msg::Waypoint_<std::allocator<void> >, std::allocator<tsukutsuku2_msgs::msg::Waypoint_<std::allocator<void> > > >[m[K

In file included from [01m[K/home/yamaguchi-a/turtlebot3_ws/src/d1_waypoint_manager/src/d1_waypoint_manager.cpp:1[m[K:
[01m[K/home/yamaguchi-a/turtlebot3_ws/src/d1_waypoint_manager/include/d1_waypoint_manager/d1_waypoint_manager.hpp:74:99:[m[K [01;36m[Knote: [m[K  initializing argument 2 of ‘[01m[Kvoid D1WaypointPublisher::ReadWaypointsFromCSV(std::string&, std::vector<tsukutsuku2_msgs::msg::Waypoints_<std::allocator<void> > >&)[m[K’
   74 | [01;36m[Kctor<tsukutsuku2_msgs::msg::Waypoints>& waypoints_[m[K);
      | [01;36m[K~~~~~~~~~~~~~~~~~~~~~~~~~~~~~~~~~~~~~~~~^~~~~~~~~~[m[K

[01m[K/home/yamaguchi-a/turtlebot3_ws/src/d1_waypoint_manager/src/d1_waypoint_manager.cpp:205:42:[m[K [01;31m[Kerror: [m[Kcannot convert ‘[01m[Kstd::vector<tsukutsuku2_msgs::msg::Waypoint_<std::allocator<void> >, std::allocator<tsukutsuku2_msgs::msg::Waypoint_<std::allocator<void> > > >[m[K’ to ‘[01m[Kstd::vector<tsukutsuku2_msgs::msg::Waypoints_<std::allocator<void> > >&[m[K’
  205 |      ReadWaypointsFromCSV(csv_file_[2], [01;31m[Kwaypoints_[m[K);
      |                                         [01;31m[K^~~~~~~~~~[m[K
      |                                         [01;31m[K|[m[K
      |                                         [01;31m[Kstd::vector<tsukutsuku2_msgs::msg::Waypoint_<std::allocator<void> >, std::allocator<tsukutsuku2_msgs::msg::Waypoint_<std::allocator<void> > > >[m[K

In file included from [01m[K/home/yamaguchi-a/turtlebot3_ws/src/d1_waypoint_manager/src/d1_waypoint_manager.cpp:1[m[K:
[01m[K/home/yamaguchi-a/turtlebot3_ws/src/d1_waypoint_manager/include/d1_waypoint_manager/d1_waypoint_manager.hpp:74:99:[m[K [01;36m[Knote: [m[K  initializing argument 2 of ‘[01m[Kvoid D1WaypointPublisher::ReadWaypointsFromCSV(std::string&, std::vector<tsukutsuku2_msgs::msg::Waypoints_<std::allocator<void> > >&)[m[K’
   74 | [01;36m[Kctor<tsukutsuku2_msgs::msg::Waypoints>& waypoints_[m[K);
      | [01;36m[K~~~~~~~~~~~~~~~~~~~~~~~~~~~~~~~~~~~~~~~~^~~~~~~~~~[m[K

[01m[K/home/yamaguchi-a/turtlebot3_ws/src/d1_waypoint_manager/src/d1_waypoint_manager.cpp:243:44:[m[K [01;31m[Kerror: [m[Kcannot convert ‘[01m[Kstd::vector<tsukutsuku2_msgs::msg::Waypoint_<std::allocator<void> >, std::allocator<tsukutsuku2_msgs::msg::Waypoint_<std::allocator<void> > > >[m[K’ to ‘[01m[Kstd::vector<tsukutsuku2_msgs::msg::Waypoints_<std::allocator<void> > >&[m[K’
  243 |      ReadWaypointsFromCSV(csv_file_[3], [01;31m[Kwaypoints_[m[K);
      |                                         [01;31m[K^~~~~~~~~~[m[K
      |                                         [01;31m[K|[m[K
      |                                         [01;31m[Kstd::vector<tsukutsuku2_msgs::msg::Waypoint_<std::allocator<void> >, std::allocator<tsukutsuku2_msgs::msg::Waypoint_<std::allocator<void> > > >[m[K

In file included from [01m[K/home/yamaguchi-a/turtlebot3_ws/src/d1_waypoint_manager/src/d1_waypoint_manager.cpp:1[m[K:
[01m[K/home/yamaguchi-a/turtlebot3_ws/src/d1_waypoint_manager/include/d1_waypoint_manager/d1_waypoint_manager.hpp:74:99:[m[K [01;36m[Knote: [m[K  initializing argument 2 of ‘[01m[Kvoid D1WaypointPublisher::ReadWaypointsFromCSV(std::string&, std::vector<tsukutsuku2_msgs::msg::Waypoints_<std::allocator<void> > >&)[m[K’
   74 | [01;36m[Kctor<tsukutsuku2_msgs::msg::Waypoints>& waypoints_[m[K);
      | [01;36m[K~~~~~~~~~~~~~~~~~~~~~~~~~~~~~~~~~~~~~~~~^~~~~~~~~~[m[K

[01m[K/home/yamaguchi-a/turtlebot3_ws/src/d1_waypoint_manager/src/d1_waypoint_manager.cpp:247:44:[m[K [01;31m[Kerror: [m[Kcannot convert ‘[01m[Kstd::vector<tsukutsuku2_msgs::msg::Waypoint_<std::allocator<void> >, std::allocator<tsukutsuku2_msgs::msg::Waypoint_<std::allocator<void> > > >[m[K’ to ‘[01m[Kstd::vector<tsukutsuku2_msgs::msg::Waypoints_<std::allocator<void> > >&[m[K’
  247 |      ReadWaypointsFromCSV(csv_file_[4], [01;31m[Kwaypoints_[m[K);
      |                                         [01;31m[K^~~~~~~~~~[m[K
      |                                         [01;31m[K|[m[K
      |                                         [01;31m[Kstd::vector<tsukutsuku2_msgs::msg::Waypoint_<std::allocator<void> >, std::allocator<tsukutsuku2_msgs::msg::Waypoint_<std::allocator<void> > > >[m[K

In file included from [01m[K/home/yamaguchi-a/turtlebot3_ws/src/d1_waypoint_manager/src/d1_waypoint_manager.cpp:1[m[K:
[01m[K/home/yamaguchi-a/turtlebot3_ws/src/d1_waypoint_manager/include/d1_waypoint_manager/d1_waypoint_manager.hpp:74:99:[m[K [01;36m[Knote: [m[K  initializing argument 2 of ‘[01m[Kvoid D1WaypointPublisher::ReadWaypointsFromCSV(std::string&, std::vector<tsukutsuku2_msgs::msg::Waypoints_<std::allocator<void> > >&)[m[K’
   74 | [01;36m[Kctor<tsukutsuku2_msgs::msg::Waypoints>& waypoints_[m[K);
      | [01;36m[K~~~~~~~~~~~~~~~~~~~~~~~~~~~~~~~~~~~~~~~~^~~~~~~~~~[m[K

[01m[K/home/yamaguchi-a/turtlebot3_ws/src/d1_waypoint_manager/src/d1_waypoint_manager.cpp:251:44:[m[K [01;31m[Kerror: [m[Kcannot convert ‘[01m[Kstd::vector<tsukutsuku2_msgs::msg::Waypoint_<std::allocator<void> >, std::allocator<tsukutsuku2_msgs::msg::Waypoint_<std::allocator<void> > > >[m[K’ to ‘[01m[Kstd::vector<tsukutsuku2_msgs::msg::Waypoints_<std::allocator<void> > >&[m[K’
  251 |      ReadWaypointsFromCSV(csv_file_[5], [01;31m[Kwaypoints_[m[K);
      |                                         [01;31m[K^~~~~~~~~~[m[K
      |                                         [01;31m[K|[m[K
      |                                         [01;31m[Kstd::vector<tsukutsuku2_msgs::msg::Waypoint_<std::allocator<void> >, std::allocator<tsukutsuku2_msgs::msg::Waypoint_<std::allocator<void> > > >[m[K

In file included from [01m[K/home/yamaguchi-a/turtlebot3_ws/src/d1_waypoint_manager/src/d1_waypoint_manager.cpp:1[m[K:
[01m[K/home/yamaguchi-a/turtlebot3_ws/src/d1_waypoint_manager/include/d1_waypoint_manager/d1_waypoint_manager.hpp:74:99:[m[K [01;36m[Knote: [m[K  initializing argument 2 of ‘[01m[Kvoid D1WaypointPublisher::ReadWaypointsFromCSV(std::string&, std::vector<tsukutsuku2_msgs::msg::Waypoints_<std::allocator<void> > >&)[m[K’
   74 | [01;36m[Kctor<tsukutsuku2_msgs::msg::Waypoints>& waypoints_[m[K);
      | [01;36m[K~~~~~~~~~~~~~~~~~~~~~~~~~~~~~~~~~~~~~~~~^~~~~~~~~~[m[K

gmake[2]: *** [CMakeFiles/d1_waypoint_manager.dir/build.make:76: CMakeFiles/d1_waypoint_manager.dir/src/d1_waypoint_manager.cpp.o] エラー 1
gmake[1]: *** [CMakeFiles/Makefile2:137: CMakeFiles/d1_waypoint_manager.dir/all] エラー 2
gmake: *** [Makefile:146: all] エラー 2
