[0.013s] Invoking command in '/home/yamaguchi-a/turtlebot3_ws/src/d1_waypoint_manager/build/d1_waypoint_manager': CMAKE_PREFIX_PATH=${CMAKE_PREFIX_PATH}:/opt/ros/humble /usr/bin/cmake --build /home/yamaguchi-a/turtlebot3_ws/src/d1_waypoint_manager/build/d1_waypoint_manager -- -j8 -l8
[0.060s] -- Found rclcpp: 16.0.10 (/opt/ros/humble/share/rclcpp/cmake)
[0.257s] -- Found rosidl_generator_c: 3.1.5 (/opt/ros/humble/share/rosidl_generator_c/cmake)
[0.261s] -- Found rosidl_adapter: 3.1.5 (/opt/ros/humble/share/rosidl_adapter/cmake)
[0.270s] -- Found rosidl_generator_cpp: 3.1.5 (/opt/ros/humble/share/rosidl_generator_cpp/cmake)
[0.284s] -- Using all available rosidl_typesupport_c: rosidl_typesupport_fastrtps_c;rosidl_typesupport_introspection_c
[0.301s] -- Using all available rosidl_typesupport_cpp: rosidl_typesupport_fastrtps_cpp;rosidl_typesupport_introspection_cpp
[0.350s] -- Found rmw_implementation_cmake: 6.1.2 (/opt/ros/humble/share/rmw_implementation_cmake/cmake)
[0.353s] -- Found rmw_fastrtps_cpp: 6.2.7 (/opt/ros/humble/share/rmw_fastrtps_cpp/cmake)
[0.472s] -- Using RMW implementation 'rmw_fastrtps_cpp' as default
[0.540s] -- Found rclcpp_action: 16.0.10 (/opt/ros/humble/share/rclcpp_action/cmake)
[0.581s] -- Found nav2_msgs: 1.1.15 (/opt/ros/humble/share/nav2_msgs/cmake)
[0.651s] -- Found tf2: 0.25.7 (/opt/ros/humble/share/tf2/cmake)
[0.656s] -- Found tf2_geometry_msgs: 0.25.7 (/opt/ros/humble/share/tf2_geometry_msgs/cmake)
[0.660s] -- Found eigen3_cmake_module: 0.1.1 (/opt/ros/humble/share/eigen3_cmake_module/cmake)
[0.662s] -- Ensuring Eigen3 include directory is part of orocos-kdl CMake target
[0.731s] -- Found tsukutsuku2_msgs: 0.0.0 (/home/yamaguchi-a/ros2_ws/install/tsukutsuku2_msgs/share/tsukutsuku2_msgs/cmake)
[0.747s] -- Found ament_cmake_auto: 1.3.10 (/opt/ros/humble/share/ament_cmake_auto/cmake)
[0.824s] -- Found ament_lint_auto: 0.12.11 (/opt/ros/humble/share/ament_lint_auto/cmake)
[0.863s] -- Added test 'cppcheck' to perform static code analysis on C / C++ code
[0.863s] -- Configured cppcheck include dirs: /home/yamaguchi-a/turtlebot3_ws/src/d1_waypoint_manager/include
[0.863s] -- Configured cppcheck exclude dirs and/or files: 
[0.868s] -- Added test 'flake8' to check Python code syntax and style conventions
[0.875s] -- Added test 'lint_cmake' to check CMake code style
[0.879s] -- Added test 'pep257' to check Python code against some of the docstring style conventions in PEP 257
[0.906s] -- Added test 'uncrustify' to check C / C++ code style
[0.906s] -- Configured uncrustify additional arguments: 
[0.910s] -- Added test 'xmllint' to check XML markup files
[0.912s] -- Configuring done
[0.930s] -- Generating done
[0.933s] -- Build files have been written to: /home/yamaguchi-a/turtlebot3_ws/src/d1_waypoint_manager/build/d1_waypoint_manager
[0.965s] [35m[1mConsolidate compiler generated dependencies of target d1_waypoint_manager[0m
[1.001s] [ 66%] [32mBuilding CXX object CMakeFiles/d1_waypoint_manager.dir/src/d1_waypoint_manager.cpp.o[0m
[1.001s] [ 66%] [32mBuilding CXX object CMakeFiles/d1_waypoint_manager.dir/src/d1_waypoint_manager_node.cpp.o[0m
[4.695s] [01m[K/home/yamaguchi-a/turtlebot3_ws/src/d1_waypoint_manager/src/d1_waypoint_manager.cpp:[m[K In constructor ‘[01m[KD1WaypointPublisher::D1WaypointPublisher()[m[K’:
[4.695s] [01m[K/home/yamaguchi-a/turtlebot3_ws/src/d1_waypoint_manager/src/d1_waypoint_manager.cpp:63:38:[m[K [01;31m[Kerror: [m[Kcannot convert ‘[01m[Kstd::vector<tsukutsuku2_msgs::msg::Waypoint_<std::allocator<void> >, std::allocator<tsukutsuku2_msgs::msg::Waypoint_<std::allocator<void> > > >[m[K’ to ‘[01m[Kstd::vector<tsukutsuku2_msgs::msg::Waypoints_<std::allocator<void> > >&[m[K’
[4.695s]    63 |   ReadWaypointsFromCSV(csv_file_[0], [01;31m[Kwaypoints_[m[K);
[4.696s]       |                                      [01;31m[K^~~~~~~~~~[m[K
[4.696s]       |                                      [01;31m[K|[m[K
[4.696s]       |                                      [01;31m[Kstd::vector<tsukutsuku2_msgs::msg::Waypoint_<std::allocator<void> >, std::allocator<tsukutsuku2_msgs::msg::Waypoint_<std::allocator<void> > > >[m[K
[4.696s] In file included from [01m[K/home/yamaguchi-a/turtlebot3_ws/src/d1_waypoint_manager/src/d1_waypoint_manager.cpp:1[m[K:
[4.696s] [01m[K/home/yamaguchi-a/turtlebot3_ws/src/d1_waypoint_manager/include/d1_waypoint_manager/d1_waypoint_manager.hpp:74:99:[m[K [01;36m[Knote: [m[K  initializing argument 2 of ‘[01m[Kvoid D1WaypointPublisher::ReadWaypointsFromCSV(std::string&, std::vector<tsukutsuku2_msgs::msg::Waypoints_<std::allocator<void> > >&)[m[K’
[4.696s]    74 | [01;36m[Kctor<tsukutsuku2_msgs::msg::Waypoints>& waypoints_[m[K);
[4.696s]       | [01;36m[K~~~~~~~~~~~~~~~~~~~~~~~~~~~~~~~~~~~~~~~~^~~~~~~~~~[m[K
[4.696s] 
[4.699s] [01m[K/home/yamaguchi-a/turtlebot3_ws/src/d1_waypoint_manager/src/d1_waypoint_manager.cpp:[m[K At global scope:
[4.699s] [01m[K/home/yamaguchi-a/turtlebot3_ws/src/d1_waypoint_manager/src/d1_waypoint_manager.cpp:109:6:[m[K [01;31m[Kerror: [m[Kno declaration matches ‘[01m[Kvoid D1WaypointPublisher::ReadWaypointsFromCSV(std::string&, std::vector<tsukutsuku2_msgs::msg::Waypoint_<std::allocator<void> >, std::allocator<tsukutsuku2_msgs::msg::Waypoint_<std::allocator<void> > > >&)[m[K’
[4.700s]   109 | void [01;31m[KD1WaypointPublisher[m[K::ReadWaypointsFromCSV(std::string& csv_file, std::vector<tsukutsuku2_msgs::msg::Waypoint>& waypoints_)
[4.700s]       |      [01;31m[K^~~~~~~~~~~~~~~~~~~[m[K
[4.700s] In file included from [01m[K/home/yamaguchi-a/turtlebot3_ws/src/d1_waypoint_manager/src/d1_waypoint_manager.cpp:1[m[K:
[4.700s] [01m[K/home/yamaguchi-a/turtlebot3_ws/src/d1_waypoint_manager/include/d1_waypoint_manager/d1_waypoint_manager.hpp:74:8:[m[K [01;36m[Knote: [m[Kcandidate is: ‘[01m[Kvoid D1WaypointPublisher::ReadWaypointsFromCSV(std::string&, std::vector<tsukutsuku2_msgs::msg::Waypoints_<std::allocator<void> > >&)[m[K’
[4.700s]    74 |   void [01;36m[KReadWaypointsFromCSV[m[K(std::string& csv_file, std::vector<tsukutsuku2_msgs::msg::Waypoints>& waypoints_);
[4.700s]       |        [01;36m[K^~~~~~~~~~~~~~~~~~~~[m[K
[4.700s] [01m[K/home/yamaguchi-a/turtlebot3_ws/src/d1_waypoint_manager/include/d1_waypoint_manager/d1_waypoint_manager.hpp:65:7:[m[K [01;36m[Knote: [m[K‘[01m[Kclass D1WaypointPublisher[m[K’ defined here
[4.700s]    65 | class [01;36m[KD1WaypointPublisher[m[K : public rclcpp::Node{
[4.700s]       |       [01;36m[K^~~~~~~~~~~~~~~~~~~[m[K
[4.701s] [01m[K/home/yamaguchi-a/turtlebot3_ws/src/d1_waypoint_manager/src/d1_waypoint_manager.cpp:[m[K In member function ‘[01m[Kvoid D1WaypointPublisher::SendWaypointsTimerCallback()[m[K’:
[4.701s] [01m[K/home/yamaguchi-a/turtlebot3_ws/src/d1_waypoint_manager/src/d1_waypoint_manager.cpp:187:42:[m[K [01;31m[Kerror: [m[Kcannot convert ‘[01m[Kstd::vector<tsukutsuku2_msgs::msg::Waypoint_<std::allocator<void> >, std::allocator<tsukutsuku2_msgs::msg::Waypoint_<std::allocator<void> > > >[m[K’ to ‘[01m[Kstd::vector<tsukutsuku2_msgs::msg::Waypoints_<std::allocator<void> > >&[m[K’
[4.701s]   187 |      ReadWaypointsFromCSV(csv_file_[1], [01;31m[Kwaypoints_[m[K);
[4.701s]       |                                         [01;31m[K^~~~~~~~~~[m[K
[4.701s]       |                                         [01;31m[K|[m[K
[4.701s]       |                                         [01;31m[Kstd::vector<tsukutsuku2_msgs::msg::Waypoint_<std::allocator<void> >, std::allocator<tsukutsuku2_msgs::msg::Waypoint_<std::allocator<void> > > >[m[K
[4.701s] 
[4.701s] In file included from [01m[K/home/yamaguchi-a/turtlebot3_ws/src/d1_waypoint_manager/src/d1_waypoint_manager.cpp:1[m[K:
[4.701s] [01m[K/home/yamaguchi-a/turtlebot3_ws/src/d1_waypoint_manager/include/d1_waypoint_manager/d1_waypoint_manager.hpp:74:99:[m[K [01;36m[Knote: [m[K  initializing argument 2 of ‘[01m[Kvoid D1WaypointPublisher::ReadWaypointsFromCSV(std::string&, std::vector<tsukutsuku2_msgs::msg::Waypoints_<std::allocator<void> > >&)[m[K’
[4.701s]    74 | [01;36m[Kctor<tsukutsuku2_msgs::msg::Waypoints>& waypoints_[m[K);
[4.702s]       | [01;36m[K~~~~~~~~~~~~~~~~~~~~~~~~~~~~~~~~~~~~~~~~^~~~~~~~~~[m[K
[4.702s] 
[4.702s] [01m[K/home/yamaguchi-a/turtlebot3_ws/src/d1_waypoint_manager/src/d1_waypoint_manager.cpp:205:42:[m[K [01;31m[Kerror: [m[Kcannot convert ‘[01m[Kstd::vector<tsukutsuku2_msgs::msg::Waypoint_<std::allocator<void> >, std::allocator<tsukutsuku2_msgs::msg::Waypoint_<std::allocator<void> > > >[m[K’ to ‘[01m[Kstd::vector<tsukutsuku2_msgs::msg::Waypoints_<std::allocator<void> > >&[m[K’
[4.702s]   205 |      ReadWaypointsFromCSV(csv_file_[2], [01;31m[Kwaypoints_[m[K);
[4.702s]       |                                         [01;31m[K^~~~~~~~~~[m[K
[4.702s]       |                                         [01;31m[K|[m[K
[4.702s]       |                                         [01;31m[Kstd::vector<tsukutsuku2_msgs::msg::Waypoint_<std::allocator<void> >, std::allocator<tsukutsuku2_msgs::msg::Waypoint_<std::allocator<void> > > >[m[K
[4.702s] 
[4.702s] In file included from [01m[K/home/yamaguchi-a/turtlebot3_ws/src/d1_waypoint_manager/src/d1_waypoint_manager.cpp:1[m[K:
[4.702s] [01m[K/home/yamaguchi-a/turtlebot3_ws/src/d1_waypoint_manager/include/d1_waypoint_manager/d1_waypoint_manager.hpp:74:99:[m[K [01;36m[Knote: [m[K  initializing argument 2 of ‘[01m[Kvoid D1WaypointPublisher::ReadWaypointsFromCSV(std::string&, std::vector<tsukutsuku2_msgs::msg::Waypoints_<std::allocator<void> > >&)[m[K’
[4.703s]    74 | [01;36m[Kctor<tsukutsuku2_msgs::msg::Waypoints>& waypoints_[m[K);
[4.703s]       | [01;36m[K~~~~~~~~~~~~~~~~~~~~~~~~~~~~~~~~~~~~~~~~^~~~~~~~~~[m[K
[4.703s] 
[4.703s] [01m[K/home/yamaguchi-a/turtlebot3_ws/src/d1_waypoint_manager/src/d1_waypoint_manager.cpp:243:44:[m[K [01;31m[Kerror: [m[Kcannot convert ‘[01m[Kstd::vector<tsukutsuku2_msgs::msg::Waypoint_<std::allocator<void> >, std::allocator<tsukutsuku2_msgs::msg::Waypoint_<std::allocator<void> > > >[m[K’ to ‘[01m[Kstd::vector<tsukutsuku2_msgs::msg::Waypoints_<std::allocator<void> > >&[m[K’
[4.703s]   243 |      ReadWaypointsFromCSV(csv_file_[3], [01;31m[Kwaypoints_[m[K);
[4.703s]       |                                         [01;31m[K^~~~~~~~~~[m[K
[4.703s]       |                                         [01;31m[K|[m[K
[4.703s]       |                                         [01;31m[Kstd::vector<tsukutsuku2_msgs::msg::Waypoint_<std::allocator<void> >, std::allocator<tsukutsuku2_msgs::msg::Waypoint_<std::allocator<void> > > >[m[K
[4.703s] 
[4.703s] In file included from [01m[K/home/yamaguchi-a/turtlebot3_ws/src/d1_waypoint_manager/src/d1_waypoint_manager.cpp:1[m[K:
[4.704s] [01m[K/home/yamaguchi-a/turtlebot3_ws/src/d1_waypoint_manager/include/d1_waypoint_manager/d1_waypoint_manager.hpp:74:99:[m[K [01;36m[Knote: [m[K  initializing argument 2 of ‘[01m[Kvoid D1WaypointPublisher::ReadWaypointsFromCSV(std::string&, std::vector<tsukutsuku2_msgs::msg::Waypoints_<std::allocator<void> > >&)[m[K’
[4.704s]    74 | [01;36m[Kctor<tsukutsuku2_msgs::msg::Waypoints>& waypoints_[m[K);
[4.704s]       | [01;36m[K~~~~~~~~~~~~~~~~~~~~~~~~~~~~~~~~~~~~~~~~^~~~~~~~~~[m[K
[4.704s] 
[4.704s] [01m[K/home/yamaguchi-a/turtlebot3_ws/src/d1_waypoint_manager/src/d1_waypoint_manager.cpp:247:44:[m[K [01;31m[Kerror: [m[Kcannot convert ‘[01m[Kstd::vector<tsukutsuku2_msgs::msg::Waypoint_<std::allocator<void> >, std::allocator<tsukutsuku2_msgs::msg::Waypoint_<std::allocator<void> > > >[m[K’ to ‘[01m[Kstd::vector<tsukutsuku2_msgs::msg::Waypoints_<std::allocator<void> > >&[m[K’
[4.704s]   247 |      ReadWaypointsFromCSV(csv_file_[4], [01;31m[Kwaypoints_[m[K);
[4.704s]       |                                         [01;31m[K^~~~~~~~~~[m[K
[4.704s]       |                                         [01;31m[K|[m[K
[4.704s]       |                                         [01;31m[Kstd::vector<tsukutsuku2_msgs::msg::Waypoint_<std::allocator<void> >, std::allocator<tsukutsuku2_msgs::msg::Waypoint_<std::allocator<void> > > >[m[K
[4.704s] 
[4.704s] In file included from [01m[K/home/yamaguchi-a/turtlebot3_ws/src/d1_waypoint_manager/src/d1_waypoint_manager.cpp:1[m[K:
[4.704s] [01m[K/home/yamaguchi-a/turtlebot3_ws/src/d1_waypoint_manager/include/d1_waypoint_manager/d1_waypoint_manager.hpp:74:99:[m[K [01;36m[Knote: [m[K  initializing argument 2 of ‘[01m[Kvoid D1WaypointPublisher::ReadWaypointsFromCSV(std::string&, std::vector<tsukutsuku2_msgs::msg::Waypoints_<std::allocator<void> > >&)[m[K’
[4.704s]    74 | [01;36m[Kctor<tsukutsuku2_msgs::msg::Waypoints>& waypoints_[m[K);
[4.704s]       | [01;36m[K~~~~~~~~~~~~~~~~~~~~~~~~~~~~~~~~~~~~~~~~^~~~~~~~~~[m[K
[4.704s] 
[4.704s] [01m[K/home/yamaguchi-a/turtlebot3_ws/src/d1_waypoint_manager/src/d1_waypoint_manager.cpp:251:44:[m[K [01;31m[Kerror: [m[Kcannot convert ‘[01m[Kstd::vector<tsukutsuku2_msgs::msg::Waypoint_<std::allocator<void> >, std::allocator<tsukutsuku2_msgs::msg::Waypoint_<std::allocator<void> > > >[m[K’ to ‘[01m[Kstd::vector<tsukutsuku2_msgs::msg::Waypoints_<std::allocator<void> > >&[m[K’
[4.705s]   251 |      ReadWaypointsFromCSV(csv_file_[5], [01;31m[Kwaypoints_[m[K);
[4.705s]       |                                         [01;31m[K^~~~~~~~~~[m[K
[4.705s]       |                                         [01;31m[K|[m[K
[4.705s]       |                                         [01;31m[Kstd::vector<tsukutsuku2_msgs::msg::Waypoint_<std::allocator<void> >, std::allocator<tsukutsuku2_msgs::msg::Waypoint_<std::allocator<void> > > >[m[K
[4.705s] 
[4.705s] In file included from [01m[K/home/yamaguchi-a/turtlebot3_ws/src/d1_waypoint_manager/src/d1_waypoint_manager.cpp:1[m[K:
[4.705s] [01m[K/home/yamaguchi-a/turtlebot3_ws/src/d1_waypoint_manager/include/d1_waypoint_manager/d1_waypoint_manager.hpp:74:99:[m[K [01;36m[Knote: [m[K  initializing argument 2 of ‘[01m[Kvoid D1WaypointPublisher::ReadWaypointsFromCSV(std::string&, std::vector<tsukutsuku2_msgs::msg::Waypoints_<std::allocator<void> > >&)[m[K’
[4.705s]    74 | [01;36m[Kctor<tsukutsuku2_msgs::msg::Waypoints>& waypoints_[m[K);
[4.705s]       | [01;36m[K~~~~~~~~~~~~~~~~~~~~~~~~~~~~~~~~~~~~~~~~^~~~~~~~~~[m[K
[4.705s] 
[13.542s] gmake[2]: *** [CMakeFiles/d1_waypoint_manager.dir/build.make:76: CMakeFiles/d1_waypoint_manager.dir/src/d1_waypoint_manager.cpp.o] エラー 1
[13.543s] gmake[1]: *** [CMakeFiles/Makefile2:137: CMakeFiles/d1_waypoint_manager.dir/all] エラー 2
[13.543s] gmake: *** [Makefile:146: all] エラー 2
[13.551s] Invoked command in '/home/yamaguchi-a/turtlebot3_ws/src/d1_waypoint_manager/build/d1_waypoint_manager' returned '2': CMAKE_PREFIX_PATH=${CMAKE_PREFIX_PATH}:/opt/ros/humble /usr/bin/cmake --build /home/yamaguchi-a/turtlebot3_ws/src/d1_waypoint_manager/build/d1_waypoint_manager -- -j8 -l8
